[11:59:32:019] [ERROR][restartedMain](LoggingFailureAnalysisReporter.java:40) - 

***************************
APPLICATION FAILED TO START
***************************

Description:

Field foodsService in com.ysgj.food.platform.controller.FoodsController required a single bean, but 2 were found:
	- foodsRandomServiceImpl: defined in file [E:\newWorkspace\ysgj-paltform\target\classes\com\ysgj\food\platform\service\impl\FoodsRandomServiceImpl.class]
	- foodsServiceImpl: defined in file [E:\newWorkspace\ysgj-paltform\target\classes\com\ysgj\food\platform\service\impl\FoodsServiceImpl.class]


Action:

Consider marking one of the beans as @Primary, updating the consumer to accept multiple beans, or using @Qualifier to identify the bean that should be consumed

[12:00:27:259] [ERROR][restartedMain](LoggingFailureAnalysisReporter.java:40) - 

***************************
APPLICATION FAILED TO START
***************************

Description:

Field foodsService in com.ysgj.food.platform.controller.FoodsController required a single bean, but 2 were found:
	- foodsRandomServiceImpl: defined in file [E:\newWorkspace\ysgj-paltform\target\classes\com\ysgj\food\platform\service\impl\FoodsRandomServiceImpl.class]
	- foodsServiceImpl: defined in file [E:\newWorkspace\ysgj-paltform\target\classes\com\ysgj\food\platform\service\impl\FoodsServiceImpl.class]


Action:

Consider marking one of the beans as @Primary, updating the consumer to accept multiple beans, or using @Qualifier to identify the bean that should be consumed

[12:16:04:205] [ERROR][restartedMain](LoggingFailureAnalysisReporter.java:40) - 

***************************
APPLICATION FAILED TO START
***************************

Description:

Field foodsService in com.ysgj.food.platform.controller.FoodsController required a single bean, but 2 were found:
	- foodsRandomServiceImpl: defined in file [E:\newWorkspace\ysgj-paltform\target\classes\com\ysgj\food\platform\service\impl\FoodsRandomServiceImpl.class]
	- foodsServiceImpl: defined in file [E:\newWorkspace\ysgj-paltform\target\classes\com\ysgj\food\platform\service\impl\FoodsServiceImpl.class]


Action:

Consider marking one of the beans as @Primary, updating the consumer to accept multiple beans, or using @Qualifier to identify the bean that should be consumed

[12:16:58:374] [ERROR][restartedMain](LoggingFailureAnalysisReporter.java:40) - 

***************************
APPLICATION FAILED TO START
***************************

Description:

Field foodsService in com.ysgj.food.platform.controller.FoodsController required a single bean, but 2 were found:
	- foodsRandomServiceImpl: defined in file [E:\newWorkspace\ysgj-paltform\target\classes\com\ysgj\food\platform\service\impl\FoodsRandomServiceImpl.class]
	- foodsServiceImpl: defined in file [E:\newWorkspace\ysgj-paltform\target\classes\com\ysgj\food\platform\service\impl\FoodsServiceImpl.class]


Action:

Consider marking one of the beans as @Primary, updating the consumer to accept multiple beans, or using @Qualifier to identify the bean that should be consumed

