[10:11:33:337] [INFO ][Thread-8](AbstractEntityManagerFactoryBean.java:598) - Closing JPA EntityManagerFactory for persistence unit 'default'
[10:11:36:028] [INFO ][Thread-8](ExecutorConfigurationSupport.java:218) - Shutting down ExecutorService 'applicationTaskExecutor'
[10:11:36:061] [INFO ][Thread-8](DruidDataSource.java:1908) - {dataSource-2} closed
[10:11:51:203] [INFO ][restartedMain](StartupInfoLogger.java:55) - Starting YsgjPaltformApplication on DESKTOP-4GFJ6FP with PID 29864 (E:\newWorkspace\ysgj-paltform\target\classes started by DELL in E:\newWorkspace\ysgj-paltform)
[10:11:51:205] [INFO ][restartedMain](SpringApplication.java:655) - The following profiles are active: ${profile}
[10:11:51:551] [INFO ][restartedMain](RepositoryConfigurationDelegate.java:127) - Bootstrapping Spring Data JPA repositories in DEFERRED mode.
[10:11:51:562] [INFO ][restartedMain](RepositoryConfigurationDelegate.java:187) - Finished Spring Data repository scanning in 8ms. Found 0 JPA repository interfaces.
[10:11:51:670] [INFO ][restartedMain](TomcatWebServer.java:108) - Tomcat initialized with port(s): 8083 (http)
[10:11:51:671] [INFO ][restartedMain](DirectJDKLog.java:173) - Initializing ProtocolHandler ["http-nio-8083"]
[10:11:51:672] [INFO ][restartedMain](DirectJDKLog.java:173) - Starting service [Tomcat]
[10:11:51:673] [INFO ][restartedMain](DirectJDKLog.java:173) - Starting Servlet engine: [Apache Tomcat/9.0.39]
[10:11:51:674] [INFO ][restartedMain](DirectJDKLog.java:173) - An older version [1.2.17] of the Apache Tomcat Native library is installed, while Tomcat recommends a minimum version of [1.2.23]
[10:11:51:674] [INFO ][restartedMain](DirectJDKLog.java:173) - Loaded Apache Tomcat Native library [1.2.17] using APR version [1.6.3].
[10:11:51:675] [INFO ][restartedMain](DirectJDKLog.java:173) - APR capabilities: IPv6 [true], sendfile [true], accept filters [false], random [true].
[10:11:51:675] [INFO ][restartedMain](DirectJDKLog.java:173) - APR/OpenSSL configuration: useAprConnector [false], useOpenSSL [true]
[10:11:51:676] [INFO ][restartedMain](DirectJDKLog.java:173) - OpenSSL successfully initialized [OpenSSL 1.0.2o  27 Mar 2018]
[10:11:51:704] [INFO ][restartedMain](DirectJDKLog.java:173) - Initializing Spring embedded WebApplicationContext
[10:11:51:704] [INFO ][restartedMain](ServletWebServerApplicationContext.java:285) - Root WebApplicationContext: initialization completed in 496 ms
[10:11:51:757] [INFO ][restartedMain](DruidDataSourceAutoConfigure.java:56) - Init DruidDataSource
[10:11:52:164] [INFO ][restartedMain](DruidDataSource.java:971) - {dataSource-3} inited
[10:11:52:182] [INFO ][restartedMain](ExecutorConfigurationSupport.java:181) - Initializing ExecutorService 'applicationTaskExecutor'
[10:11:52:227] [INFO ][task-1](Dialect.java:170) - HHH000400: Using dialect: org.hibernate.dialect.MySQL8Dialect
[10:11:52:253] [INFO ][task-1](JtaPlatformInitiator.java:52) - HHH000490: Using JtaPlatform implementation: [org.hibernate.engine.transaction.jta.platform.internal.NoJtaPlatform]
[10:11:52:254] [INFO ][task-1](AbstractEntityManagerFactoryBean.java:416) - Initialized JPA EntityManagerFactory for persistence unit 'default'
[10:11:52:275] [WARN ][restartedMain](JpaBaseConfiguration.java:220) - spring.jpa.open-in-view is enabled by default. Therefore, database queries may be performed during view rendering. Explicitly configure spring.jpa.open-in-view to disable this warning
[10:11:52:401] [WARN ][restartedMain](ThymeleafAutoConfiguration.java:106) - Cannot find template location: classpath:/templates/ (please add some templates or check your Thymeleaf configuration)
[10:11:52:501] [INFO ][restartedMain](OptionalLiveReloadServer.java:58) - LiveReload server is running on port 35729
[10:11:52:506] [INFO ][restartedMain](EndpointLinksResolver.java:58) - Exposing 2 endpoint(s) beneath base path '/actuator'
[10:11:52:522] [INFO ][restartedMain](DirectJDKLog.java:173) - Starting ProtocolHandler ["http-nio-8083"]
[10:11:52:536] [INFO ][restartedMain](TomcatWebServer.java:220) - Tomcat started on port(s): 8083 (http) with context path ''
[10:11:52:537] [INFO ][restartedMain](DeferredRepositoryInitializationListener.java:49) - Triggering deferred initialization of Spring Data repositories…
[10:11:52:538] [INFO ][restartedMain](DeferredRepositoryInitializationListener.java:53) - Spring Data repositories initialized!
[10:11:52:544] [INFO ][restartedMain](StartupInfoLogger.java:61) - Started YsgjPaltformApplication in 1.533 seconds (JVM running for 320802.953)
[10:11:52:547] [INFO ][restartedMain](ConditionEvaluationDeltaLoggingListener.java:63) - Condition evaluation unchanged
[10:11:53:982] [INFO ][Thread-13](AbstractEntityManagerFactoryBean.java:598) - Closing JPA EntityManagerFactory for persistence unit 'default'
[10:11:53:984] [INFO ][Thread-13](ExecutorConfigurationSupport.java:218) - Shutting down ExecutorService 'applicationTaskExecutor'
[10:11:53:986] [INFO ][Thread-13](DruidDataSource.java:1908) - {dataSource-3} closed
[10:11:54:140] [INFO ][restartedMain](StartupInfoLogger.java:55) - Starting YsgjPaltformApplication on DESKTOP-4GFJ6FP with PID 29864 (E:\newWorkspace\ysgj-paltform\target\classes started by DELL in E:\newWorkspace\ysgj-paltform)
[10:11:54:141] [INFO ][restartedMain](SpringApplication.java:655) - The following profiles are active: ${profile}
[10:11:54:427] [INFO ][restartedMain](RepositoryConfigurationDelegate.java:127) - Bootstrapping Spring Data JPA repositories in DEFERRED mode.
[10:11:54:431] [INFO ][restartedMain](RepositoryConfigurationDelegate.java:187) - Finished Spring Data repository scanning in 3ms. Found 0 JPA repository interfaces.
[10:11:54:522] [INFO ][restartedMain](TomcatWebServer.java:108) - Tomcat initialized with port(s): 8083 (http)
[10:11:54:523] [INFO ][restartedMain](DirectJDKLog.java:173) - Initializing ProtocolHandler ["http-nio-8083"]
[10:11:54:524] [INFO ][restartedMain](DirectJDKLog.java:173) - Starting service [Tomcat]
[10:11:54:524] [INFO ][restartedMain](DirectJDKLog.java:173) - Starting Servlet engine: [Apache Tomcat/9.0.39]
[10:11:54:524] [INFO ][restartedMain](DirectJDKLog.java:173) - An older version [1.2.17] of the Apache Tomcat Native library is installed, while Tomcat recommends a minimum version of [1.2.23]
[10:11:54:525] [INFO ][restartedMain](DirectJDKLog.java:173) - Loaded Apache Tomcat Native library [1.2.17] using APR version [1.6.3].
[10:11:54:525] [INFO ][restartedMain](DirectJDKLog.java:173) - APR capabilities: IPv6 [true], sendfile [true], accept filters [false], random [true].
[10:11:54:525] [INFO ][restartedMain](DirectJDKLog.java:173) - APR/OpenSSL configuration: useAprConnector [false], useOpenSSL [true]
[10:11:54:526] [INFO ][restartedMain](DirectJDKLog.java:173) - OpenSSL successfully initialized [OpenSSL 1.0.2o  27 Mar 2018]
[10:11:54:543] [INFO ][restartedMain](DirectJDKLog.java:173) - Initializing Spring embedded WebApplicationContext
[10:11:54:543] [INFO ][restartedMain](ServletWebServerApplicationContext.java:285) - Root WebApplicationContext: initialization completed in 398 ms
[10:11:54:588] [INFO ][restartedMain](DruidDataSourceAutoConfigure.java:56) - Init DruidDataSource
[10:11:54:725] [INFO ][restartedMain](DruidDataSource.java:971) - {dataSource-4} inited
[10:11:54:747] [INFO ][restartedMain](ExecutorConfigurationSupport.java:181) - Initializing ExecutorService 'applicationTaskExecutor'
[10:11:54:786] [INFO ][task-1](Dialect.java:170) - HHH000400: Using dialect: org.hibernate.dialect.MySQL8Dialect
[10:11:54:809] [INFO ][task-1](JtaPlatformInitiator.java:52) - HHH000490: Using JtaPlatform implementation: [org.hibernate.engine.transaction.jta.platform.internal.NoJtaPlatform]
[10:11:54:810] [INFO ][task-1](AbstractEntityManagerFactoryBean.java:416) - Initialized JPA EntityManagerFactory for persistence unit 'default'
[10:11:54:845] [WARN ][restartedMain](JpaBaseConfiguration.java:220) - spring.jpa.open-in-view is enabled by default. Therefore, database queries may be performed during view rendering. Explicitly configure spring.jpa.open-in-view to disable this warning
[10:11:54:923] [WARN ][restartedMain](ThymeleafAutoConfiguration.java:106) - Cannot find template location: classpath:/templates/ (please add some templates or check your Thymeleaf configuration)
[10:11:54:998] [INFO ][restartedMain](OptionalLiveReloadServer.java:58) - LiveReload server is running on port 35729
[10:11:55:003] [INFO ][restartedMain](EndpointLinksResolver.java:58) - Exposing 2 endpoint(s) beneath base path '/actuator'
[10:11:55:017] [INFO ][restartedMain](DirectJDKLog.java:173) - Starting ProtocolHandler ["http-nio-8083"]
[10:11:55:027] [INFO ][restartedMain](TomcatWebServer.java:220) - Tomcat started on port(s): 8083 (http) with context path ''
[10:11:55:028] [INFO ][restartedMain](DeferredRepositoryInitializationListener.java:49) - Triggering deferred initialization of Spring Data repositories…
[10:11:55:028] [INFO ][restartedMain](DeferredRepositoryInitializationListener.java:53) - Spring Data repositories initialized!
[10:11:55:036] [INFO ][restartedMain](StartupInfoLogger.java:61) - Started YsgjPaltformApplication in 0.955 seconds (JVM running for 320805.445)
[10:11:55:038] [INFO ][restartedMain](ConditionEvaluationDeltaLoggingListener.java:63) - Condition evaluation unchanged
[11:52:32:786] [INFO ][Thread-21](AbstractEntityManagerFactoryBean.java:598) - Closing JPA EntityManagerFactory for persistence unit 'default'
[11:52:32:843] [INFO ][Thread-21](ExecutorConfigurationSupport.java:218) - Shutting down ExecutorService 'applicationTaskExecutor'
[11:52:32:900] [INFO ][Thread-21](DruidDataSource.java:1908) - {dataSource-4} closed
[11:52:33:499] [INFO ][restartedMain](StartupInfoLogger.java:55) - Starting YsgjPaltformApplication on DESKTOP-4GFJ6FP with PID 29864 (E:\newWorkspace\ysgj-paltform\target\classes started by DELL in E:\newWorkspace\ysgj-paltform)
[11:52:33:500] [INFO ][restartedMain](SpringApplication.java:655) - The following profiles are active: ${profile}
[11:52:34:402] [INFO ][restartedMain](RepositoryConfigurationDelegate.java:127) - Bootstrapping Spring Data JPA repositories in DEFERRED mode.
[11:52:34:423] [INFO ][restartedMain](RepositoryConfigurationDelegate.java:187) - Finished Spring Data repository scanning in 20ms. Found 0 JPA repository interfaces.
[11:52:34:642] [INFO ][restartedMain](TomcatWebServer.java:108) - Tomcat initialized with port(s): 8083 (http)
[11:52:34:643] [INFO ][restartedMain](DirectJDKLog.java:173) - Initializing ProtocolHandler ["http-nio-8083"]
[11:52:34:644] [INFO ][restartedMain](DirectJDKLog.java:173) - Starting service [Tomcat]
[11:52:34:644] [INFO ][restartedMain](DirectJDKLog.java:173) - Starting Servlet engine: [Apache Tomcat/9.0.39]
[11:52:34:645] [INFO ][restartedMain](DirectJDKLog.java:173) - An older version [1.2.17] of the Apache Tomcat Native library is installed, while Tomcat recommends a minimum version of [1.2.23]
[11:52:34:645] [INFO ][restartedMain](DirectJDKLog.java:173) - Loaded Apache Tomcat Native library [1.2.17] using APR version [1.6.3].
[11:52:34:646] [INFO ][restartedMain](DirectJDKLog.java:173) - APR capabilities: IPv6 [true], sendfile [true], accept filters [false], random [true].
[11:52:34:646] [INFO ][restartedMain](DirectJDKLog.java:173) - APR/OpenSSL configuration: useAprConnector [false], useOpenSSL [true]
[11:52:34:673] [INFO ][restartedMain](DirectJDKLog.java:173) - OpenSSL successfully initialized [OpenSSL 1.0.2o  27 Mar 2018]
[11:52:34:693] [INFO ][restartedMain](DirectJDKLog.java:173) - Initializing Spring embedded WebApplicationContext
[11:52:34:693] [INFO ][restartedMain](ServletWebServerApplicationContext.java:285) - Root WebApplicationContext: initialization completed in 1190 ms
[11:52:34:741] [INFO ][restartedMain](DruidDataSourceAutoConfigure.java:56) - Init DruidDataSource
[11:52:35:343] [INFO ][restartedMain](DruidDataSource.java:971) - {dataSource-5} inited
[11:52:35:437] [INFO ][restartedMain](ExecutorConfigurationSupport.java:181) - Initializing ExecutorService 'applicationTaskExecutor'
[11:52:35:499] [INFO ][task-1](Dialect.java:170) - HHH000400: Using dialect: org.hibernate.dialect.MySQL8Dialect
[11:52:35:528] [INFO ][task-1](JtaPlatformInitiator.java:52) - HHH000490: Using JtaPlatform implementation: [org.hibernate.engine.transaction.jta.platform.internal.NoJtaPlatform]
[11:52:35:529] [INFO ][task-1](AbstractEntityManagerFactoryBean.java:416) - Initialized JPA EntityManagerFactory for persistence unit 'default'
[11:52:35:549] [WARN ][restartedMain](JpaBaseConfiguration.java:220) - spring.jpa.open-in-view is enabled by default. Therefore, database queries may be performed during view rendering. Explicitly configure spring.jpa.open-in-view to disable this warning
[11:52:35:654] [WARN ][restartedMain](ThymeleafAutoConfiguration.java:106) - Cannot find template location: classpath:/templates/ (please add some templates or check your Thymeleaf configuration)
[11:52:35:713] [INFO ][restartedMain](OptionalLiveReloadServer.java:58) - LiveReload server is running on port 35729
[11:52:35:717] [INFO ][restartedMain](EndpointLinksResolver.java:58) - Exposing 2 endpoint(s) beneath base path '/actuator'
[11:52:35:745] [INFO ][restartedMain](DirectJDKLog.java:173) - Starting ProtocolHandler ["http-nio-8083"]
[11:52:35:753] [INFO ][restartedMain](TomcatWebServer.java:220) - Tomcat started on port(s): 8083 (http) with context path ''
[11:52:35:754] [INFO ][restartedMain](DeferredRepositoryInitializationListener.java:49) - Triggering deferred initialization of Spring Data repositories…
[11:52:35:754] [INFO ][restartedMain](DeferredRepositoryInitializationListener.java:53) - Spring Data repositories initialized!
[11:52:35:760] [INFO ][restartedMain](StartupInfoLogger.java:61) - Started YsgjPaltformApplication in 2.408 seconds (JVM running for 326846.17)
[11:52:35:763] [INFO ][restartedMain](ConditionEvaluationDeltaLoggingListener.java:63) - Condition evaluation unchanged
[11:52:46:221] [INFO ][Thread-26](AbstractEntityManagerFactoryBean.java:598) - Closing JPA EntityManagerFactory for persistence unit 'default'
[11:52:46:222] [INFO ][Thread-26](ExecutorConfigurationSupport.java:218) - Shutting down ExecutorService 'applicationTaskExecutor'
[11:52:46:224] [INFO ][Thread-26](DruidDataSource.java:1908) - {dataSource-5} closed
[11:52:46:310] [INFO ][restartedMain](StartupInfoLogger.java:55) - Starting YsgjPaltformApplication on DESKTOP-4GFJ6FP with PID 29864 (E:\newWorkspace\ysgj-paltform\target\classes started by DELL in E:\newWorkspace\ysgj-paltform)
[11:52:46:311] [INFO ][restartedMain](SpringApplication.java:655) - The following profiles are active: ${profile}
[11:52:46:877] [INFO ][restartedMain](RepositoryConfigurationDelegate.java:127) - Bootstrapping Spring Data JPA repositories in DEFERRED mode.
[11:52:46:881] [INFO ][restartedMain](RepositoryConfigurationDelegate.java:187) - Finished Spring Data repository scanning in 3ms. Found 0 JPA repository interfaces.
[11:52:46:966] [INFO ][restartedMain](TomcatWebServer.java:108) - Tomcat initialized with port(s): 8083 (http)
[11:52:46:967] [INFO ][restartedMain](DirectJDKLog.java:173) - Initializing ProtocolHandler ["http-nio-8083"]
[11:52:46:968] [INFO ][restartedMain](DirectJDKLog.java:173) - Starting service [Tomcat]
[11:52:46:968] [INFO ][restartedMain](DirectJDKLog.java:173) - Starting Servlet engine: [Apache Tomcat/9.0.39]
[11:52:46:969] [INFO ][restartedMain](DirectJDKLog.java:173) - An older version [1.2.17] of the Apache Tomcat Native library is installed, while Tomcat recommends a minimum version of [1.2.23]
[11:52:46:970] [INFO ][restartedMain](DirectJDKLog.java:173) - Loaded Apache Tomcat Native library [1.2.17] using APR version [1.6.3].
[11:52:46:970] [INFO ][restartedMain](DirectJDKLog.java:173) - APR capabilities: IPv6 [true], sendfile [true], accept filters [false], random [true].
[11:52:46:970] [INFO ][restartedMain](DirectJDKLog.java:173) - APR/OpenSSL configuration: useAprConnector [false], useOpenSSL [true]
[11:52:46:971] [INFO ][restartedMain](DirectJDKLog.java:173) - OpenSSL successfully initialized [OpenSSL 1.0.2o  27 Mar 2018]
[11:52:47:017] [INFO ][restartedMain](DirectJDKLog.java:173) - Initializing Spring embedded WebApplicationContext
[11:52:47:017] [INFO ][restartedMain](ServletWebServerApplicationContext.java:285) - Root WebApplicationContext: initialization completed in 704 ms
[11:52:47:188] [INFO ][restartedMain](DruidDataSourceAutoConfigure.java:56) - Init DruidDataSource
[11:52:48:649] [INFO ][restartedMain](DruidDataSource.java:971) - {dataSource-6} inited
[11:52:48:664] [INFO ][restartedMain](ExecutorConfigurationSupport.java:181) - Initializing ExecutorService 'applicationTaskExecutor'
[11:52:48:716] [INFO ][task-1](Dialect.java:170) - HHH000400: Using dialect: org.hibernate.dialect.MySQL8Dialect
[11:52:48:731] [INFO ][task-1](JtaPlatformInitiator.java:52) - HHH000490: Using JtaPlatform implementation: [org.hibernate.engine.transaction.jta.platform.internal.NoJtaPlatform]
[11:52:48:732] [INFO ][task-1](AbstractEntityManagerFactoryBean.java:416) - Initialized JPA EntityManagerFactory for persistence unit 'default'
[11:52:48:736] [WARN ][restartedMain](JpaBaseConfiguration.java:220) - spring.jpa.open-in-view is enabled by default. Therefore, database queries may be performed during view rendering. Explicitly configure spring.jpa.open-in-view to disable this warning
[11:52:48:804] [WARN ][restartedMain](ThymeleafAutoConfiguration.java:106) - Cannot find template location: classpath:/templates/ (please add some templates or check your Thymeleaf configuration)
[11:52:48:849] [INFO ][restartedMain](OptionalLiveReloadServer.java:58) - LiveReload server is running on port 35729
[11:52:48:852] [INFO ][restartedMain](EndpointLinksResolver.java:58) - Exposing 2 endpoint(s) beneath base path '/actuator'
[11:52:48:863] [INFO ][restartedMain](DirectJDKLog.java:173) - Starting ProtocolHandler ["http-nio-8083"]
[11:52:48:870] [INFO ][restartedMain](TomcatWebServer.java:220) - Tomcat started on port(s): 8083 (http) with context path ''
[11:52:48:870] [INFO ][restartedMain](DeferredRepositoryInitializationListener.java:49) - Triggering deferred initialization of Spring Data repositories…
[11:52:48:871] [INFO ][restartedMain](DeferredRepositoryInitializationListener.java:53) - Spring Data repositories initialized!
[11:52:48:876] [INFO ][restartedMain](StartupInfoLogger.java:61) - Started YsgjPaltformApplication in 2.607 seconds (JVM running for 326859.286)
[11:52:48:878] [INFO ][restartedMain](ConditionEvaluationDeltaLoggingListener.java:63) - Condition evaluation unchanged
[11:53:16:462] [INFO ][Thread-31](AbstractEntityManagerFactoryBean.java:598) - Closing JPA EntityManagerFactory for persistence unit 'default'
[11:53:16:463] [INFO ][Thread-31](ExecutorConfigurationSupport.java:218) - Shutting down ExecutorService 'applicationTaskExecutor'
[11:53:16:465] [INFO ][Thread-31](DruidDataSource.java:1908) - {dataSource-6} closed
[11:53:16:552] [INFO ][restartedMain](StartupInfoLogger.java:55) - Starting YsgjPaltformApplication on DESKTOP-4GFJ6FP with PID 29864 (E:\newWorkspace\ysgj-paltform\target\classes started by DELL in E:\newWorkspace\ysgj-paltform)
[11:53:16:554] [INFO ][restartedMain](SpringApplication.java:655) - The following profiles are active: ${profile}
[11:53:16:810] [INFO ][restartedMain](RepositoryConfigurationDelegate.java:127) - Bootstrapping Spring Data JPA repositories in DEFERRED mode.
[11:53:16:814] [INFO ][restartedMain](RepositoryConfigurationDelegate.java:187) - Finished Spring Data repository scanning in 3ms. Found 0 JPA repository interfaces.
[11:53:16:907] [INFO ][restartedMain](TomcatWebServer.java:108) - Tomcat initialized with port(s): 8083 (http)
[11:53:16:908] [INFO ][restartedMain](DirectJDKLog.java:173) - Initializing ProtocolHandler ["http-nio-8083"]
[11:53:16:908] [INFO ][restartedMain](DirectJDKLog.java:173) - Starting service [Tomcat]
[11:53:16:908] [INFO ][restartedMain](DirectJDKLog.java:173) - Starting Servlet engine: [Apache Tomcat/9.0.39]
[11:53:16:909] [INFO ][restartedMain](DirectJDKLog.java:173) - An older version [1.2.17] of the Apache Tomcat Native library is installed, while Tomcat recommends a minimum version of [1.2.23]
[11:53:16:909] [INFO ][restartedMain](DirectJDKLog.java:173) - Loaded Apache Tomcat Native library [1.2.17] using APR version [1.6.3].
[11:53:16:909] [INFO ][restartedMain](DirectJDKLog.java:173) - APR capabilities: IPv6 [true], sendfile [true], accept filters [false], random [true].
[11:53:16:909] [INFO ][restartedMain](DirectJDKLog.java:173) - APR/OpenSSL configuration: useAprConnector [false], useOpenSSL [true]
[11:53:16:910] [INFO ][restartedMain](DirectJDKLog.java:173) - OpenSSL successfully initialized [OpenSSL 1.0.2o  27 Mar 2018]
[11:53:16:945] [INFO ][restartedMain](DirectJDKLog.java:173) - Initializing Spring embedded WebApplicationContext
[11:53:16:945] [INFO ][restartedMain](ServletWebServerApplicationContext.java:285) - Root WebApplicationContext: initialization completed in 389 ms
[11:53:16:995] [INFO ][restartedMain](DruidDataSourceAutoConfigure.java:56) - Init DruidDataSource
[11:53:17:052] [INFO ][restartedMain](DruidDataSource.java:971) - {dataSource-7} inited
[11:53:17:071] [INFO ][restartedMain](ExecutorConfigurationSupport.java:181) - Initializing ExecutorService 'applicationTaskExecutor'
[11:53:17:105] [INFO ][task-1](Dialect.java:170) - HHH000400: Using dialect: org.hibernate.dialect.MySQL8Dialect
[11:53:17:122] [INFO ][task-1](JtaPlatformInitiator.java:52) - HHH000490: Using JtaPlatform implementation: [org.hibernate.engine.transaction.jta.platform.internal.NoJtaPlatform]
[11:53:17:123] [INFO ][task-1](AbstractEntityManagerFactoryBean.java:416) - Initialized JPA EntityManagerFactory for persistence unit 'default'
[11:53:17:126] [WARN ][restartedMain](JpaBaseConfiguration.java:220) - spring.jpa.open-in-view is enabled by default. Therefore, database queries may be performed during view rendering. Explicitly configure spring.jpa.open-in-view to disable this warning
[11:53:17:185] [WARN ][restartedMain](ThymeleafAutoConfiguration.java:106) - Cannot find template location: classpath:/templates/ (please add some templates or check your Thymeleaf configuration)
[11:53:17:234] [INFO ][restartedMain](OptionalLiveReloadServer.java:58) - LiveReload server is running on port 35729
[11:53:17:237] [INFO ][restartedMain](EndpointLinksResolver.java:58) - Exposing 2 endpoint(s) beneath base path '/actuator'
[11:53:17:251] [INFO ][restartedMain](DirectJDKLog.java:173) - Starting ProtocolHandler ["http-nio-8083"]
[11:53:17:259] [INFO ][restartedMain](TomcatWebServer.java:220) - Tomcat started on port(s): 8083 (http) with context path ''
[11:53:17:260] [INFO ][restartedMain](DeferredRepositoryInitializationListener.java:49) - Triggering deferred initialization of Spring Data repositories…
[11:53:17:260] [INFO ][restartedMain](DeferredRepositoryInitializationListener.java:53) - Spring Data repositories initialized!
[11:53:17:267] [INFO ][restartedMain](StartupInfoLogger.java:61) - Started YsgjPaltformApplication in 0.757 seconds (JVM running for 326887.676)
[11:53:17:269] [INFO ][restartedMain](ConditionEvaluationDeltaLoggingListener.java:63) - Condition evaluation unchanged
[11:53:26:738] [INFO ][Thread-36](AbstractEntityManagerFactoryBean.java:598) - Closing JPA EntityManagerFactory for persistence unit 'default'
[11:53:26:739] [INFO ][Thread-36](ExecutorConfigurationSupport.java:218) - Shutting down ExecutorService 'applicationTaskExecutor'
[11:53:26:741] [INFO ][Thread-36](DruidDataSource.java:1908) - {dataSource-7} closed
[11:53:26:875] [INFO ][restartedMain](StartupInfoLogger.java:55) - Starting YsgjPaltformApplication on DESKTOP-4GFJ6FP with PID 29864 (E:\newWorkspace\ysgj-paltform\target\classes started by DELL in E:\newWorkspace\ysgj-paltform)
[11:53:26:876] [INFO ][restartedMain](SpringApplication.java:655) - The following profiles are active: ${profile}
[11:53:27:099] [INFO ][restartedMain](RepositoryConfigurationDelegate.java:127) - Bootstrapping Spring Data JPA repositories in DEFERRED mode.
[11:53:27:104] [INFO ][restartedMain](RepositoryConfigurationDelegate.java:187) - Finished Spring Data repository scanning in 4ms. Found 0 JPA repository interfaces.
[11:53:27:321] [INFO ][restartedMain](TomcatWebServer.java:108) - Tomcat initialized with port(s): 8083 (http)
[11:53:27:324] [INFO ][restartedMain](DirectJDKLog.java:173) - Initializing ProtocolHandler ["http-nio-8083"]
[11:53:27:324] [INFO ][restartedMain](DirectJDKLog.java:173) - Starting service [Tomcat]
[11:53:27:327] [INFO ][restartedMain](DirectJDKLog.java:173) - Starting Servlet engine: [Apache Tomcat/9.0.39]
[11:53:27:328] [INFO ][restartedMain](DirectJDKLog.java:173) - An older version [1.2.17] of the Apache Tomcat Native library is installed, while Tomcat recommends a minimum version of [1.2.23]
[11:53:27:328] [INFO ][restartedMain](DirectJDKLog.java:173) - Loaded Apache Tomcat Native library [1.2.17] using APR version [1.6.3].
[11:53:27:328] [INFO ][restartedMain](DirectJDKLog.java:173) - APR capabilities: IPv6 [true], sendfile [true], accept filters [false], random [true].
[11:53:27:329] [INFO ][restartedMain](DirectJDKLog.java:173) - APR/OpenSSL configuration: useAprConnector [false], useOpenSSL [true]
[11:53:27:330] [INFO ][restartedMain](DirectJDKLog.java:173) - OpenSSL successfully initialized [OpenSSL 1.0.2o  27 Mar 2018]
[11:53:27:390] [INFO ][restartedMain](DirectJDKLog.java:173) - Initializing Spring embedded WebApplicationContext
[11:53:27:390] [INFO ][restartedMain](ServletWebServerApplicationContext.java:285) - Root WebApplicationContext: initialization completed in 513 ms
[11:53:27:482] [INFO ][restartedMain](DruidDataSourceAutoConfigure.java:56) - Init DruidDataSource
[11:53:27:589] [INFO ][restartedMain](DruidDataSource.java:971) - {dataSource-8} inited
[11:53:27:608] [INFO ][restartedMain](ExecutorConfigurationSupport.java:181) - Initializing ExecutorService 'applicationTaskExecutor'
[11:53:27:645] [INFO ][task-1](Dialect.java:170) - HHH000400: Using dialect: org.hibernate.dialect.MySQL8Dialect
[11:53:27:664] [INFO ][task-1](JtaPlatformInitiator.java:52) - HHH000490: Using JtaPlatform implementation: [org.hibernate.engine.transaction.jta.platform.internal.NoJtaPlatform]
[11:53:27:665] [INFO ][task-1](AbstractEntityManagerFactoryBean.java:416) - Initialized JPA EntityManagerFactory for persistence unit 'default'
[11:53:27:669] [WARN ][restartedMain](JpaBaseConfiguration.java:220) - spring.jpa.open-in-view is enabled by default. Therefore, database queries may be performed during view rendering. Explicitly configure spring.jpa.open-in-view to disable this warning
[11:53:27:732] [WARN ][restartedMain](ThymeleafAutoConfiguration.java:106) - Cannot find template location: classpath:/templates/ (please add some templates or check your Thymeleaf configuration)
[11:53:27:784] [INFO ][restartedMain](OptionalLiveReloadServer.java:58) - LiveReload server is running on port 35729
[11:53:27:787] [INFO ][restartedMain](EndpointLinksResolver.java:58) - Exposing 2 endpoint(s) beneath base path '/actuator'
[11:53:27:802] [INFO ][restartedMain](DirectJDKLog.java:173) - Starting ProtocolHandler ["http-nio-8083"]
[11:53:27:810] [INFO ][restartedMain](TomcatWebServer.java:220) - Tomcat started on port(s): 8083 (http) with context path ''
[11:53:27:811] [INFO ][restartedMain](DeferredRepositoryInitializationListener.java:49) - Triggering deferred initialization of Spring Data repositories…
[11:53:27:811] [INFO ][restartedMain](DeferredRepositoryInitializationListener.java:53) - Spring Data repositories initialized!
[11:53:27:817] [INFO ][restartedMain](StartupInfoLogger.java:61) - Started YsgjPaltformApplication in 0.989 seconds (JVM running for 326898.226)
[11:53:27:819] [INFO ][restartedMain](ConditionEvaluationDeltaLoggingListener.java:63) - Condition evaluation unchanged
[12:09:33:226] [INFO ][Thread-41](AbstractEntityManagerFactoryBean.java:598) - Closing JPA EntityManagerFactory for persistence unit 'default'
[12:09:33:227] [INFO ][Thread-41](ExecutorConfigurationSupport.java:218) - Shutting down ExecutorService 'applicationTaskExecutor'
[12:09:33:229] [INFO ][Thread-41](DruidDataSource.java:1908) - {dataSource-8} closed
[12:09:33:550] [INFO ][restartedMain](StartupInfoLogger.java:55) - Starting YsgjPaltformApplication on DESKTOP-4GFJ6FP with PID 29864 (E:\newWorkspace\ysgj-paltform\target\classes started by DELL in E:\newWorkspace\ysgj-paltform)
[12:09:33:552] [INFO ][restartedMain](SpringApplication.java:655) - The following profiles are active: ${profile}
[12:09:34:280] [INFO ][restartedMain](RepositoryConfigurationDelegate.java:127) - Bootstrapping Spring Data JPA repositories in DEFERRED mode.
[12:09:34:286] [INFO ][restartedMain](RepositoryConfigurationDelegate.java:187) - Finished Spring Data repository scanning in 5ms. Found 0 JPA repository interfaces.
[12:09:34:410] [INFO ][restartedMain](TomcatWebServer.java:108) - Tomcat initialized with port(s): 8083 (http)
[12:09:34:412] [INFO ][restartedMain](DirectJDKLog.java:173) - Initializing ProtocolHandler ["http-nio-8083"]
[12:09:34:412] [INFO ][restartedMain](DirectJDKLog.java:173) - Starting service [Tomcat]
[12:09:34:413] [INFO ][restartedMain](DirectJDKLog.java:173) - Starting Servlet engine: [Apache Tomcat/9.0.39]
[12:09:34:413] [INFO ][restartedMain](DirectJDKLog.java:173) - An older version [1.2.17] of the Apache Tomcat Native library is installed, while Tomcat recommends a minimum version of [1.2.23]
[12:09:34:414] [INFO ][restartedMain](DirectJDKLog.java:173) - Loaded Apache Tomcat Native library [1.2.17] using APR version [1.6.3].
[12:09:34:414] [INFO ][restartedMain](DirectJDKLog.java:173) - APR capabilities: IPv6 [true], sendfile [true], accept filters [false], random [true].
[12:09:34:415] [INFO ][restartedMain](DirectJDKLog.java:173) - APR/OpenSSL configuration: useAprConnector [false], useOpenSSL [true]
[12:09:34:415] [INFO ][restartedMain](DirectJDKLog.java:173) - OpenSSL successfully initialized [OpenSSL 1.0.2o  27 Mar 2018]
[12:09:34:498] [INFO ][restartedMain](DirectJDKLog.java:173) - Initializing Spring embedded WebApplicationContext
[12:09:34:499] [INFO ][restartedMain](ServletWebServerApplicationContext.java:285) - Root WebApplicationContext: initialization completed in 945 ms
[12:09:34:563] [INFO ][restartedMain](DruidDataSourceAutoConfigure.java:56) - Init DruidDataSource
[12:09:35:355] [INFO ][restartedMain](DruidDataSource.java:971) - {dataSource-9} inited
[12:09:35:384] [INFO ][restartedMain](ExecutorConfigurationSupport.java:181) - Initializing ExecutorService 'applicationTaskExecutor'
[12:09:35:443] [INFO ][task-1](Dialect.java:170) - HHH000400: Using dialect: org.hibernate.dialect.MySQL8Dialect
[12:09:35:461] [INFO ][task-1](JtaPlatformInitiator.java:52) - HHH000490: Using JtaPlatform implementation: [org.hibernate.engine.transaction.jta.platform.internal.NoJtaPlatform]
[12:09:35:462] [INFO ][task-1](AbstractEntityManagerFactoryBean.java:416) - Initialized JPA EntityManagerFactory for persistence unit 'default'
[12:09:35:521] [WARN ][restartedMain](JpaBaseConfiguration.java:220) - spring.jpa.open-in-view is enabled by default. Therefore, database queries may be performed during view rendering. Explicitly configure spring.jpa.open-in-view to disable this warning
[12:09:35:603] [WARN ][restartedMain](ThymeleafAutoConfiguration.java:106) - Cannot find template location: classpath:/templates/ (please add some templates or check your Thymeleaf configuration)
[12:09:35:669] [INFO ][restartedMain](OptionalLiveReloadServer.java:58) - LiveReload server is running on port 35729
[12:09:35:673] [INFO ][restartedMain](EndpointLinksResolver.java:58) - Exposing 2 endpoint(s) beneath base path '/actuator'
[12:09:35:686] [INFO ][restartedMain](DirectJDKLog.java:173) - Starting ProtocolHandler ["http-nio-8083"]
[12:09:35:696] [INFO ][restartedMain](TomcatWebServer.java:220) - Tomcat started on port(s): 8083 (http) with context path ''
[12:09:35:696] [INFO ][restartedMain](DeferredRepositoryInitializationListener.java:49) - Triggering deferred initialization of Spring Data repositories…
[12:09:35:697] [INFO ][restartedMain](DeferredRepositoryInitializationListener.java:53) - Spring Data repositories initialized!
[12:09:35:702] [INFO ][restartedMain](StartupInfoLogger.java:61) - Started YsgjPaltformApplication in 2.217 seconds (JVM running for 327866.111)
[12:09:35:703] [INFO ][restartedMain](ConditionEvaluationDeltaLoggingListener.java:63) - Condition evaluation unchanged
[12:11:13:820] [INFO ][Thread-46](AbstractEntityManagerFactoryBean.java:598) - Closing JPA EntityManagerFactory for persistence unit 'default'
[12:11:13:823] [INFO ][Thread-46](ExecutorConfigurationSupport.java:218) - Shutting down ExecutorService 'applicationTaskExecutor'
[12:11:13:826] [INFO ][Thread-46](DruidDataSource.java:1908) - {dataSource-9} closed
[12:11:14:063] [INFO ][restartedMain](StartupInfoLogger.java:55) - Starting YsgjPaltformApplication on DESKTOP-4GFJ6FP with PID 29864 (E:\newWorkspace\ysgj-paltform\target\classes started by DELL in E:\newWorkspace\ysgj-paltform)
[12:11:14:065] [INFO ][restartedMain](SpringApplication.java:655) - The following profiles are active: ${profile}
[12:11:14:401] [INFO ][restartedMain](RepositoryConfigurationDelegate.java:127) - Bootstrapping Spring Data JPA repositories in DEFERRED mode.
[12:11:14:405] [INFO ][restartedMain](RepositoryConfigurationDelegate.java:187) - Finished Spring Data repository scanning in 3ms. Found 0 JPA repository interfaces.
[12:11:14:530] [INFO ][restartedMain](TomcatWebServer.java:108) - Tomcat initialized with port(s): 8083 (http)
[12:11:14:532] [INFO ][restartedMain](DirectJDKLog.java:173) - Initializing ProtocolHandler ["http-nio-8083"]
[12:11:14:533] [INFO ][restartedMain](DirectJDKLog.java:173) - Starting service [Tomcat]
[12:11:14:534] [INFO ][restartedMain](DirectJDKLog.java:173) - Starting Servlet engine: [Apache Tomcat/9.0.39]
[12:11:14:535] [INFO ][restartedMain](DirectJDKLog.java:173) - An older version [1.2.17] of the Apache Tomcat Native library is installed, while Tomcat recommends a minimum version of [1.2.23]
[12:11:14:536] [INFO ][restartedMain](DirectJDKLog.java:173) - Loaded Apache Tomcat Native library [1.2.17] using APR version [1.6.3].
[12:11:14:537] [INFO ][restartedMain](DirectJDKLog.java:173) - APR capabilities: IPv6 [true], sendfile [true], accept filters [false], random [true].
[12:11:14:538] [INFO ][restartedMain](DirectJDKLog.java:173) - APR/OpenSSL configuration: useAprConnector [false], useOpenSSL [true]
[12:11:14:539] [INFO ][restartedMain](DirectJDKLog.java:173) - OpenSSL successfully initialized [OpenSSL 1.0.2o  27 Mar 2018]
[12:11:14:615] [INFO ][restartedMain](DirectJDKLog.java:173) - Initializing Spring embedded WebApplicationContext
[12:11:14:615] [INFO ][restartedMain](ServletWebServerApplicationContext.java:285) - Root WebApplicationContext: initialization completed in 548 ms
[12:11:14:679] [INFO ][restartedMain](DruidDataSourceAutoConfigure.java:56) - Init DruidDataSource
[12:11:15:016] [INFO ][restartedMain](DruidDataSource.java:971) - {dataSource-10} inited
[12:11:15:039] [INFO ][restartedMain](ExecutorConfigurationSupport.java:181) - Initializing ExecutorService 'applicationTaskExecutor'
[12:11:15:080] [INFO ][task-1](Dialect.java:170) - HHH000400: Using dialect: org.hibernate.dialect.MySQL8Dialect
[12:11:15:151] [WARN ][restartedMain](JpaBaseConfiguration.java:220) - spring.jpa.open-in-view is enabled by default. Therefore, database queries may be performed during view rendering. Explicitly configure spring.jpa.open-in-view to disable this warning
[12:11:15:152] [INFO ][task-1](JtaPlatformInitiator.java:52) - HHH000490: Using JtaPlatform implementation: [org.hibernate.engine.transaction.jta.platform.internal.NoJtaPlatform]
[12:11:15:154] [INFO ][task-1](AbstractEntityManagerFactoryBean.java:416) - Initialized JPA EntityManagerFactory for persistence unit 'default'
[12:11:15:503] [WARN ][restartedMain](ThymeleafAutoConfiguration.java:106) - Cannot find template location: classpath:/templates/ (please add some templates or check your Thymeleaf configuration)
[12:11:15:560] [INFO ][restartedMain](OptionalLiveReloadServer.java:58) - LiveReload server is running on port 35729
[12:11:15:565] [INFO ][restartedMain](EndpointLinksResolver.java:58) - Exposing 2 endpoint(s) beneath base path '/actuator'
[12:11:15:585] [INFO ][restartedMain](DirectJDKLog.java:173) - Starting ProtocolHandler ["http-nio-8083"]
[12:11:15:597] [INFO ][restartedMain](TomcatWebServer.java:220) - Tomcat started on port(s): 8083 (http) with context path ''
[12:11:15:598] [INFO ][restartedMain](DeferredRepositoryInitializationListener.java:49) - Triggering deferred initialization of Spring Data repositories…
[12:11:15:598] [INFO ][restartedMain](DeferredRepositoryInitializationListener.java:53) - Spring Data repositories initialized!
[12:11:15:603] [INFO ][restartedMain](StartupInfoLogger.java:61) - Started YsgjPaltformApplication in 1.708 seconds (JVM running for 327966.012)
[12:11:15:604] [INFO ][restartedMain](ConditionEvaluationDeltaLoggingListener.java:63) - Condition evaluation unchanged
[12:27:31:855] [INFO ][Thread-51](AbstractEntityManagerFactoryBean.java:598) - Closing JPA EntityManagerFactory for persistence unit 'default'
[12:27:31:857] [INFO ][Thread-51](ExecutorConfigurationSupport.java:218) - Shutting down ExecutorService 'applicationTaskExecutor'
[12:27:31:859] [INFO ][Thread-51](DruidDataSource.java:1908) - {dataSource-10} closed
[12:27:32:009] [INFO ][restartedMain](StartupInfoLogger.java:55) - Starting YsgjPaltformApplication on DESKTOP-4GFJ6FP with PID 29864 (E:\newWorkspace\ysgj-paltform\target\classes started by DELL in E:\newWorkspace\ysgj-paltform)
[12:27:32:009] [INFO ][restartedMain](SpringApplication.java:655) - The following profiles are active: ${profile}
[12:27:32:333] [INFO ][restartedMain](RepositoryConfigurationDelegate.java:127) - Bootstrapping Spring Data JPA repositories in DEFERRED mode.
[12:27:32:336] [INFO ][restartedMain](RepositoryConfigurationDelegate.java:187) - Finished Spring Data repository scanning in 3ms. Found 0 JPA repository interfaces.
[12:27:32:639] [INFO ][restartedMain](TomcatWebServer.java:108) - Tomcat initialized with port(s): 8083 (http)
[12:27:32:641] [INFO ][restartedMain](DirectJDKLog.java:173) - Initializing ProtocolHandler ["http-nio-8083"]
[12:27:32:642] [INFO ][restartedMain](DirectJDKLog.java:173) - Starting service [Tomcat]
[12:27:32:642] [INFO ][restartedMain](DirectJDKLog.java:173) - Starting Servlet engine: [Apache Tomcat/9.0.39]
[12:27:32:642] [INFO ][restartedMain](DirectJDKLog.java:173) - An older version [1.2.17] of the Apache Tomcat Native library is installed, while Tomcat recommends a minimum version of [1.2.23]
[12:27:32:643] [INFO ][restartedMain](DirectJDKLog.java:173) - Loaded Apache Tomcat Native library [1.2.17] using APR version [1.6.3].
[12:27:32:643] [INFO ][restartedMain](DirectJDKLog.java:173) - APR capabilities: IPv6 [true], sendfile [true], accept filters [false], random [true].
[12:27:32:643] [INFO ][restartedMain](DirectJDKLog.java:173) - APR/OpenSSL configuration: useAprConnector [false], useOpenSSL [true]
[12:27:32:644] [INFO ][restartedMain](DirectJDKLog.java:173) - OpenSSL successfully initialized [OpenSSL 1.0.2o  27 Mar 2018]
[12:27:32:677] [INFO ][restartedMain](DirectJDKLog.java:173) - Initializing Spring embedded WebApplicationContext
[12:27:32:677] [INFO ][restartedMain](ServletWebServerApplicationContext.java:285) - Root WebApplicationContext: initialization completed in 666 ms
[12:27:32:715] [INFO ][restartedMain](DruidDataSourceAutoConfigure.java:56) - Init DruidDataSource
[12:27:33:062] [INFO ][restartedMain](DruidDataSource.java:971) - {dataSource-11} inited
[12:27:33:076] [INFO ][restartedMain](ExecutorConfigurationSupport.java:181) - Initializing ExecutorService 'applicationTaskExecutor'
[12:27:33:101] [INFO ][task-1](Dialect.java:170) - HHH000400: Using dialect: org.hibernate.dialect.MySQL8Dialect
[12:27:33:114] [INFO ][task-1](JtaPlatformInitiator.java:52) - HHH000490: Using JtaPlatform implementation: [org.hibernate.engine.transaction.jta.platform.internal.NoJtaPlatform]
[12:27:33:115] [INFO ][task-1](AbstractEntityManagerFactoryBean.java:416) - Initialized JPA EntityManagerFactory for persistence unit 'default'
[12:27:33:132] [WARN ][restartedMain](JpaBaseConfiguration.java:220) - spring.jpa.open-in-view is enabled by default. Therefore, database queries may be performed during view rendering. Explicitly configure spring.jpa.open-in-view to disable this warning
[12:27:33:190] [WARN ][restartedMain](ThymeleafAutoConfiguration.java:106) - Cannot find template location: classpath:/templates/ (please add some templates or check your Thymeleaf configuration)
[12:27:33:262] [INFO ][restartedMain](OptionalLiveReloadServer.java:58) - LiveReload server is running on port 35729
[12:27:33:264] [INFO ][restartedMain](EndpointLinksResolver.java:58) - Exposing 2 endpoint(s) beneath base path '/actuator'
[12:27:33:276] [INFO ][restartedMain](DirectJDKLog.java:173) - Starting ProtocolHandler ["http-nio-8083"]
[12:27:33:283] [INFO ][restartedMain](TomcatWebServer.java:220) - Tomcat started on port(s): 8083 (http) with context path ''
[12:27:33:284] [INFO ][restartedMain](DeferredRepositoryInitializationListener.java:49) - Triggering deferred initialization of Spring Data repositories…
[12:27:33:284] [INFO ][restartedMain](DeferredRepositoryInitializationListener.java:53) - Spring Data repositories initialized!
[12:27:33:289] [INFO ][restartedMain](StartupInfoLogger.java:61) - Started YsgjPaltformApplication in 1.357 seconds (JVM running for 328943.698)
[12:27:33:291] [INFO ][restartedMain](ConditionEvaluationDeltaLoggingListener.java:63) - Condition evaluation unchanged
[12:28:28:947] [INFO ][Thread-56](AbstractEntityManagerFactoryBean.java:598) - Closing JPA EntityManagerFactory for persistence unit 'default'
[12:28:28:948] [INFO ][Thread-56](ExecutorConfigurationSupport.java:218) - Shutting down ExecutorService 'applicationTaskExecutor'
[12:28:28:950] [INFO ][Thread-56](DruidDataSource.java:1908) - {dataSource-11} closed
[12:28:29:056] [INFO ][restartedMain](StartupInfoLogger.java:55) - Starting YsgjPaltformApplication on DESKTOP-4GFJ6FP with PID 29864 (E:\newWorkspace\ysgj-paltform\target\classes started by DELL in E:\newWorkspace\ysgj-paltform)
[12:28:29:057] [INFO ][restartedMain](SpringApplication.java:655) - The following profiles are active: ${profile}
[12:28:29:370] [INFO ][restartedMain](RepositoryConfigurationDelegate.java:127) - Bootstrapping Spring Data JPA repositories in DEFERRED mode.
[12:28:29:374] [INFO ][restartedMain](RepositoryConfigurationDelegate.java:187) - Finished Spring Data repository scanning in 3ms. Found 0 JPA repository interfaces.
[12:28:29:438] [INFO ][restartedMain](TomcatWebServer.java:108) - Tomcat initialized with port(s): 8083 (http)
[12:28:29:439] [INFO ][restartedMain](DirectJDKLog.java:173) - Initializing ProtocolHandler ["http-nio-8083"]
[12:28:29:439] [INFO ][restartedMain](DirectJDKLog.java:173) - Starting service [Tomcat]
[12:28:29:439] [INFO ][restartedMain](DirectJDKLog.java:173) - Starting Servlet engine: [Apache Tomcat/9.0.39]
[12:28:29:440] [INFO ][restartedMain](DirectJDKLog.java:173) - An older version [1.2.17] of the Apache Tomcat Native library is installed, while Tomcat recommends a minimum version of [1.2.23]
[12:28:29:440] [INFO ][restartedMain](DirectJDKLog.java:173) - Loaded Apache Tomcat Native library [1.2.17] using APR version [1.6.3].
[12:28:29:441] [INFO ][restartedMain](DirectJDKLog.java:173) - APR capabilities: IPv6 [true], sendfile [true], accept filters [false], random [true].
[12:28:29:441] [INFO ][restartedMain](DirectJDKLog.java:173) - APR/OpenSSL configuration: useAprConnector [false], useOpenSSL [true]
[12:28:29:442] [INFO ][restartedMain](DirectJDKLog.java:173) - OpenSSL successfully initialized [OpenSSL 1.0.2o  27 Mar 2018]
[12:28:29:493] [INFO ][restartedMain](DirectJDKLog.java:173) - Initializing Spring embedded WebApplicationContext
[12:28:29:494] [INFO ][restartedMain](ServletWebServerApplicationContext.java:285) - Root WebApplicationContext: initialization completed in 435 ms
[12:28:29:530] [INFO ][restartedMain](DruidDataSourceAutoConfigure.java:56) - Init DruidDataSource
[12:28:29:724] [INFO ][restartedMain](DruidDataSource.java:971) - {dataSource-12} inited
[12:28:29:738] [INFO ][restartedMain](ExecutorConfigurationSupport.java:181) - Initializing ExecutorService 'applicationTaskExecutor'
[12:28:29:865] [INFO ][task-1](Dialect.java:170) - HHH000400: Using dialect: org.hibernate.dialect.MySQL8Dialect
[12:28:29:882] [INFO ][task-1](JtaPlatformInitiator.java:52) - HHH000490: Using JtaPlatform implementation: [org.hibernate.engine.transaction.jta.platform.internal.NoJtaPlatform]
[12:28:29:883] [INFO ][task-1](AbstractEntityManagerFactoryBean.java:416) - Initialized JPA EntityManagerFactory for persistence unit 'default'
[12:28:29:883] [WARN ][restartedMain](JpaBaseConfiguration.java:220) - spring.jpa.open-in-view is enabled by default. Therefore, database queries may be performed during view rendering. Explicitly configure spring.jpa.open-in-view to disable this warning
[12:28:29:936] [WARN ][restartedMain](ThymeleafAutoConfiguration.java:106) - Cannot find template location: classpath:/templates/ (please add some templates or check your Thymeleaf configuration)
[12:28:29:997] [INFO ][restartedMain](OptionalLiveReloadServer.java:58) - LiveReload server is running on port 35729
[12:28:30:000] [INFO ][restartedMain](EndpointLinksResolver.java:58) - Exposing 2 endpoint(s) beneath base path '/actuator'
[12:28:30:011] [INFO ][restartedMain](DirectJDKLog.java:173) - Starting ProtocolHandler ["http-nio-8083"]
[12:28:30:018] [INFO ][restartedMain](TomcatWebServer.java:220) - Tomcat started on port(s): 8083 (http) with context path ''
[12:28:30:019] [INFO ][restartedMain](DeferredRepositoryInitializationListener.java:49) - Triggering deferred initialization of Spring Data repositories…
[12:28:30:020] [INFO ][restartedMain](DeferredRepositoryInitializationListener.java:53) - Spring Data repositories initialized!
[12:28:30:026] [INFO ][restartedMain](StartupInfoLogger.java:61) - Started YsgjPaltformApplication in 1.027 seconds (JVM running for 329000.435)
[12:28:30:028] [INFO ][restartedMain](ConditionEvaluationDeltaLoggingListener.java:63) - Condition evaluation unchanged
[12:29:55:926] [INFO ][Thread-61](AbstractEntityManagerFactoryBean.java:598) - Closing JPA EntityManagerFactory for persistence unit 'default'
[12:29:55:927] [INFO ][Thread-61](ExecutorConfigurationSupport.java:218) - Shutting down ExecutorService 'applicationTaskExecutor'
[12:29:55:929] [INFO ][Thread-61](DruidDataSource.java:1908) - {dataSource-12} closed
[12:29:56:031] [INFO ][restartedMain](StartupInfoLogger.java:55) - Starting YsgjPaltformApplication on DESKTOP-4GFJ6FP with PID 29864 (E:\newWorkspace\ysgj-paltform\target\classes started by DELL in E:\newWorkspace\ysgj-paltform)
[12:29:56:032] [INFO ][restartedMain](SpringApplication.java:655) - The following profiles are active: ${profile}
[12:29:56:236] [INFO ][restartedMain](RepositoryConfigurationDelegate.java:127) - Bootstrapping Spring Data JPA repositories in DEFERRED mode.
[12:29:56:239] [INFO ][restartedMain](RepositoryConfigurationDelegate.java:187) - Finished Spring Data repository scanning in 2ms. Found 0 JPA repository interfaces.
[12:29:56:319] [INFO ][restartedMain](TomcatWebServer.java:108) - Tomcat initialized with port(s): 8083 (http)
[12:29:56:320] [INFO ][restartedMain](DirectJDKLog.java:173) - Initializing ProtocolHandler ["http-nio-8083"]
[12:29:56:320] [INFO ][restartedMain](DirectJDKLog.java:173) - Starting service [Tomcat]
[12:29:56:321] [INFO ][restartedMain](DirectJDKLog.java:173) - Starting Servlet engine: [Apache Tomcat/9.0.39]
[12:29:56:321] [INFO ][restartedMain](DirectJDKLog.java:173) - An older version [1.2.17] of the Apache Tomcat Native library is installed, while Tomcat recommends a minimum version of [1.2.23]
[12:29:56:322] [INFO ][restartedMain](DirectJDKLog.java:173) - Loaded Apache Tomcat Native library [1.2.17] using APR version [1.6.3].
[12:29:56:322] [INFO ][restartedMain](DirectJDKLog.java:173) - APR capabilities: IPv6 [true], sendfile [true], accept filters [false], random [true].
[12:29:56:322] [INFO ][restartedMain](DirectJDKLog.java:173) - APR/OpenSSL configuration: useAprConnector [false], useOpenSSL [true]
[12:29:56:323] [INFO ][restartedMain](DirectJDKLog.java:173) - OpenSSL successfully initialized [OpenSSL 1.0.2o  27 Mar 2018]
[12:29:56:342] [INFO ][restartedMain](DirectJDKLog.java:173) - Initializing Spring embedded WebApplicationContext
[12:29:56:342] [INFO ][restartedMain](ServletWebServerApplicationContext.java:285) - Root WebApplicationContext: initialization completed in 307 ms
[12:29:56:385] [INFO ][restartedMain](DruidDataSourceAutoConfigure.java:56) - Init DruidDataSource
[12:29:56:490] [INFO ][restartedMain](DruidDataSource.java:971) - {dataSource-13} inited
[12:29:56:509] [INFO ][restartedMain](ExecutorConfigurationSupport.java:181) - Initializing ExecutorService 'applicationTaskExecutor'
[12:29:56:542] [INFO ][task-1](Dialect.java:170) - HHH000400: Using dialect: org.hibernate.dialect.MySQL8Dialect
[12:29:56:565] [WARN ][restartedMain](JpaBaseConfiguration.java:220) - spring.jpa.open-in-view is enabled by default. Therefore, database queries may be performed during view rendering. Explicitly configure spring.jpa.open-in-view to disable this warning
[12:29:56:609] [INFO ][task-1](JtaPlatformInitiator.java:52) - HHH000490: Using JtaPlatform implementation: [org.hibernate.engine.transaction.jta.platform.internal.NoJtaPlatform]
[12:29:56:610] [INFO ][task-1](AbstractEntityManagerFactoryBean.java:416) - Initialized JPA EntityManagerFactory for persistence unit 'default'
[12:29:56:653] [WARN ][restartedMain](ThymeleafAutoConfiguration.java:106) - Cannot find template location: classpath:/templates/ (please add some templates or check your Thymeleaf configuration)
[12:29:56:702] [INFO ][restartedMain](OptionalLiveReloadServer.java:58) - LiveReload server is running on port 35729
[12:29:56:704] [INFO ][restartedMain](EndpointLinksResolver.java:58) - Exposing 2 endpoint(s) beneath base path '/actuator'
[12:29:56:716] [INFO ][restartedMain](DirectJDKLog.java:173) - Starting ProtocolHandler ["http-nio-8083"]
[12:29:56:723] [INFO ][restartedMain](TomcatWebServer.java:220) - Tomcat started on port(s): 8083 (http) with context path ''
[12:29:56:723] [INFO ][restartedMain](DeferredRepositoryInitializationListener.java:49) - Triggering deferred initialization of Spring Data repositories…
[12:29:56:724] [INFO ][restartedMain](DeferredRepositoryInitializationListener.java:53) - Spring Data repositories initialized!
[12:29:56:730] [INFO ][restartedMain](StartupInfoLogger.java:61) - Started YsgjPaltformApplication in 0.74 seconds (JVM running for 329087.138)
[12:29:56:732] [INFO ][restartedMain](ConditionEvaluationDeltaLoggingListener.java:63) - Condition evaluation unchanged
[12:31:27:558] [INFO ][Thread-66](AbstractEntityManagerFactoryBean.java:598) - Closing JPA EntityManagerFactory for persistence unit 'default'
[12:31:27:559] [INFO ][Thread-66](ExecutorConfigurationSupport.java:218) - Shutting down ExecutorService 'applicationTaskExecutor'
[12:31:27:561] [INFO ][Thread-66](DruidDataSource.java:1908) - {dataSource-13} closed
[12:31:27:661] [INFO ][restartedMain](StartupInfoLogger.java:55) - Starting YsgjPaltformApplication on DESKTOP-4GFJ6FP with PID 29864 (E:\newWorkspace\ysgj-paltform\target\classes started by DELL in E:\newWorkspace\ysgj-paltform)
[12:31:27:662] [INFO ][restartedMain](SpringApplication.java:655) - The following profiles are active: ${profile}
[12:31:27:868] [INFO ][restartedMain](RepositoryConfigurationDelegate.java:127) - Bootstrapping Spring Data JPA repositories in DEFERRED mode.
[12:31:27:872] [INFO ][restartedMain](RepositoryConfigurationDelegate.java:187) - Finished Spring Data repository scanning in 3ms. Found 0 JPA repository interfaces.
[12:31:28:004] [INFO ][restartedMain](TomcatWebServer.java:108) - Tomcat initialized with port(s): 8083 (http)
[12:31:28:006] [INFO ][restartedMain](DirectJDKLog.java:173) - Initializing ProtocolHandler ["http-nio-8083"]
[12:31:28:006] [INFO ][restartedMain](DirectJDKLog.java:173) - Starting service [Tomcat]
[12:31:28:006] [INFO ][restartedMain](DirectJDKLog.java:173) - Starting Servlet engine: [Apache Tomcat/9.0.39]
[12:31:28:007] [INFO ][restartedMain](DirectJDKLog.java:173) - An older version [1.2.17] of the Apache Tomcat Native library is installed, while Tomcat recommends a minimum version of [1.2.23]
[12:31:28:007] [INFO ][restartedMain](DirectJDKLog.java:173) - Loaded Apache Tomcat Native library [1.2.17] using APR version [1.6.3].
[12:31:28:007] [INFO ][restartedMain](DirectJDKLog.java:173) - APR capabilities: IPv6 [true], sendfile [true], accept filters [false], random [true].
[12:31:28:007] [INFO ][restartedMain](DirectJDKLog.java:173) - APR/OpenSSL configuration: useAprConnector [false], useOpenSSL [true]
[12:31:28:008] [INFO ][restartedMain](DirectJDKLog.java:173) - OpenSSL successfully initialized [OpenSSL 1.0.2o  27 Mar 2018]
[12:31:28:033] [INFO ][restartedMain](DirectJDKLog.java:173) - Initializing Spring embedded WebApplicationContext
[12:31:28:034] [INFO ][restartedMain](ServletWebServerApplicationContext.java:285) - Root WebApplicationContext: initialization completed in 368 ms
[12:31:28:080] [INFO ][restartedMain](DruidDataSourceAutoConfigure.java:56) - Init DruidDataSource
[12:31:28:187] [INFO ][restartedMain](DruidDataSource.java:971) - {dataSource-14} inited
[12:31:28:206] [INFO ][restartedMain](ExecutorConfigurationSupport.java:181) - Initializing ExecutorService 'applicationTaskExecutor'
[12:31:28:243] [INFO ][task-1](Dialect.java:170) - HHH000400: Using dialect: org.hibernate.dialect.MySQL8Dialect
[12:31:28:251] [WARN ][restartedMain](JpaBaseConfiguration.java:220) - spring.jpa.open-in-view is enabled by default. Therefore, database queries may be performed during view rendering. Explicitly configure spring.jpa.open-in-view to disable this warning
[12:31:28:262] [INFO ][task-1](JtaPlatformInitiator.java:52) - HHH000490: Using JtaPlatform implementation: [org.hibernate.engine.transaction.jta.platform.internal.NoJtaPlatform]
[12:31:28:263] [INFO ][task-1](AbstractEntityManagerFactoryBean.java:416) - Initialized JPA EntityManagerFactory for persistence unit 'default'
[12:31:28:330] [WARN ][restartedMain](ThymeleafAutoConfiguration.java:106) - Cannot find template location: classpath:/templates/ (please add some templates or check your Thymeleaf configuration)
[12:31:28:372] [INFO ][restartedMain](OptionalLiveReloadServer.java:58) - LiveReload server is running on port 35729
[12:31:28:375] [INFO ][restartedMain](EndpointLinksResolver.java:58) - Exposing 2 endpoint(s) beneath base path '/actuator'
[12:31:28:385] [INFO ][restartedMain](DirectJDKLog.java:173) - Starting ProtocolHandler ["http-nio-8083"]
[12:31:28:392] [INFO ][restartedMain](TomcatWebServer.java:220) - Tomcat started on port(s): 8083 (http) with context path ''
[12:31:28:393] [INFO ][restartedMain](DeferredRepositoryInitializationListener.java:49) - Triggering deferred initialization of Spring Data repositories…
[12:31:28:394] [INFO ][restartedMain](DeferredRepositoryInitializationListener.java:53) - Spring Data repositories initialized!
[12:31:28:399] [INFO ][restartedMain](StartupInfoLogger.java:61) - Started YsgjPaltformApplication in 0.782 seconds (JVM running for 329178.808)
[12:31:28:401] [INFO ][restartedMain](ConditionEvaluationDeltaLoggingListener.java:63) - Condition evaluation unchanged
[12:31:54:964] [INFO ][Thread-71](AbstractEntityManagerFactoryBean.java:598) - Closing JPA EntityManagerFactory for persistence unit 'default'
[12:31:54:964] [INFO ][Thread-71](ExecutorConfigurationSupport.java:218) - Shutting down ExecutorService 'applicationTaskExecutor'
[12:31:54:966] [INFO ][Thread-71](DruidDataSource.java:1908) - {dataSource-14} closed
[12:31:55:062] [INFO ][restartedMain](StartupInfoLogger.java:55) - Starting YsgjPaltformApplication on DESKTOP-4GFJ6FP with PID 29864 (E:\newWorkspace\ysgj-paltform\target\classes started by DELL in E:\newWorkspace\ysgj-paltform)
[12:31:55:063] [INFO ][restartedMain](SpringApplication.java:655) - The following profiles are active: ${profile}
[12:31:55:249] [INFO ][restartedMain](RepositoryConfigurationDelegate.java:127) - Bootstrapping Spring Data JPA repositories in DEFERRED mode.
[12:31:55:253] [INFO ][restartedMain](RepositoryConfigurationDelegate.java:187) - Finished Spring Data repository scanning in 3ms. Found 0 JPA repository interfaces.
[12:31:55:332] [INFO ][restartedMain](TomcatWebServer.java:108) - Tomcat initialized with port(s): 8083 (http)
[12:31:55:333] [INFO ][restartedMain](DirectJDKLog.java:173) - Initializing ProtocolHandler ["http-nio-8083"]
[12:31:55:333] [INFO ][restartedMain](DirectJDKLog.java:173) - Starting service [Tomcat]
[12:31:55:333] [INFO ][restartedMain](DirectJDKLog.java:173) - Starting Servlet engine: [Apache Tomcat/9.0.39]
[12:31:55:334] [INFO ][restartedMain](DirectJDKLog.java:173) - An older version [1.2.17] of the Apache Tomcat Native library is installed, while Tomcat recommends a minimum version of [1.2.23]
[12:31:55:334] [INFO ][restartedMain](DirectJDKLog.java:173) - Loaded Apache Tomcat Native library [1.2.17] using APR version [1.6.3].
[12:31:55:334] [INFO ][restartedMain](DirectJDKLog.java:173) - APR capabilities: IPv6 [true], sendfile [true], accept filters [false], random [true].
[12:31:55:334] [INFO ][restartedMain](DirectJDKLog.java:173) - APR/OpenSSL configuration: useAprConnector [false], useOpenSSL [true]
[12:31:55:335] [INFO ][restartedMain](DirectJDKLog.java:173) - OpenSSL successfully initialized [OpenSSL 1.0.2o  27 Mar 2018]
[12:31:55:422] [INFO ][restartedMain](DirectJDKLog.java:173) - Initializing Spring embedded WebApplicationContext
[12:31:55:423] [INFO ][restartedMain](ServletWebServerApplicationContext.java:285) - Root WebApplicationContext: initialization completed in 357 ms
[12:31:55:455] [INFO ][restartedMain](DruidDataSourceAutoConfigure.java:56) - Init DruidDataSource
[12:31:55:683] [INFO ][restartedMain](DruidDataSource.java:971) - {dataSource-15} inited
[12:31:55:699] [INFO ][restartedMain](ExecutorConfigurationSupport.java:181) - Initializing ExecutorService 'applicationTaskExecutor'
[12:31:55:737] [INFO ][task-1](Dialect.java:170) - HHH000400: Using dialect: org.hibernate.dialect.MySQL8Dialect
[12:31:55:751] [WARN ][restartedMain](JpaBaseConfiguration.java:220) - spring.jpa.open-in-view is enabled by default. Therefore, database queries may be performed during view rendering. Explicitly configure spring.jpa.open-in-view to disable this warning
[12:31:55:757] [INFO ][task-1](JtaPlatformInitiator.java:52) - HHH000490: Using JtaPlatform implementation: [org.hibernate.engine.transaction.jta.platform.internal.NoJtaPlatform]
[12:31:55:758] [INFO ][task-1](AbstractEntityManagerFactoryBean.java:416) - Initialized JPA EntityManagerFactory for persistence unit 'default'
[12:31:55:816] [WARN ][restartedMain](ThymeleafAutoConfiguration.java:106) - Cannot find template location: classpath:/templates/ (please add some templates or check your Thymeleaf configuration)
[12:31:55:863] [INFO ][restartedMain](OptionalLiveReloadServer.java:58) - LiveReload server is running on port 35729
[12:31:55:865] [INFO ][restartedMain](EndpointLinksResolver.java:58) - Exposing 2 endpoint(s) beneath base path '/actuator'
[12:31:55:879] [INFO ][restartedMain](DirectJDKLog.java:173) - Starting ProtocolHandler ["http-nio-8083"]
[12:31:55:887] [INFO ][restartedMain](TomcatWebServer.java:220) - Tomcat started on port(s): 8083 (http) with context path ''
[12:31:55:887] [INFO ][restartedMain](DeferredRepositoryInitializationListener.java:49) - Triggering deferred initialization of Spring Data repositories…
[12:31:55:888] [INFO ][restartedMain](DeferredRepositoryInitializationListener.java:53) - Spring Data repositories initialized!
[12:31:55:894] [INFO ][restartedMain](StartupInfoLogger.java:61) - Started YsgjPaltformApplication in 0.876 seconds (JVM running for 329206.303)
[12:31:55:896] [INFO ][restartedMain](ConditionEvaluationDeltaLoggingListener.java:63) - Condition evaluation unchanged
[12:33:17:659] [INFO ][Thread-76](AbstractEntityManagerFactoryBean.java:598) - Closing JPA EntityManagerFactory for persistence unit 'default'
[12:33:17:660] [INFO ][Thread-76](ExecutorConfigurationSupport.java:218) - Shutting down ExecutorService 'applicationTaskExecutor'
[12:33:17:662] [INFO ][Thread-76](DruidDataSource.java:1908) - {dataSource-15} closed
[12:33:17:758] [INFO ][restartedMain](StartupInfoLogger.java:55) - Starting YsgjPaltformApplication on DESKTOP-4GFJ6FP with PID 29864 (E:\newWorkspace\ysgj-paltform\target\classes started by DELL in E:\newWorkspace\ysgj-paltform)
[12:33:17:759] [INFO ][restartedMain](SpringApplication.java:655) - The following profiles are active: ${profile}
[12:33:17:931] [INFO ][restartedMain](RepositoryConfigurationDelegate.java:127) - Bootstrapping Spring Data JPA repositories in DEFERRED mode.
[12:33:17:935] [INFO ][restartedMain](RepositoryConfigurationDelegate.java:187) - Finished Spring Data repository scanning in 2ms. Found 0 JPA repository interfaces.
[12:33:18:014] [INFO ][restartedMain](TomcatWebServer.java:108) - Tomcat initialized with port(s): 8083 (http)
[12:33:18:015] [INFO ][restartedMain](DirectJDKLog.java:173) - Initializing ProtocolHandler ["http-nio-8083"]
[12:33:18:015] [INFO ][restartedMain](DirectJDKLog.java:173) - Starting service [Tomcat]
[12:33:18:015] [INFO ][restartedMain](DirectJDKLog.java:173) - Starting Servlet engine: [Apache Tomcat/9.0.39]
[12:33:18:016] [INFO ][restartedMain](DirectJDKLog.java:173) - An older version [1.2.17] of the Apache Tomcat Native library is installed, while Tomcat recommends a minimum version of [1.2.23]
[12:33:18:016] [INFO ][restartedMain](DirectJDKLog.java:173) - Loaded Apache Tomcat Native library [1.2.17] using APR version [1.6.3].
[12:33:18:016] [INFO ][restartedMain](DirectJDKLog.java:173) - APR capabilities: IPv6 [true], sendfile [true], accept filters [false], random [true].
[12:33:18:017] [INFO ][restartedMain](DirectJDKLog.java:173) - APR/OpenSSL configuration: useAprConnector [false], useOpenSSL [true]
[12:33:18:017] [INFO ][restartedMain](DirectJDKLog.java:173) - OpenSSL successfully initialized [OpenSSL 1.0.2o  27 Mar 2018]
[12:33:18:034] [INFO ][restartedMain](DirectJDKLog.java:173) - Initializing Spring embedded WebApplicationContext
[12:33:18:035] [INFO ][restartedMain](ServletWebServerApplicationContext.java:285) - Root WebApplicationContext: initialization completed in 274 ms
[12:33:18:080] [INFO ][restartedMain](DruidDataSourceAutoConfigure.java:56) - Init DruidDataSource
[12:33:18:204] [INFO ][restartedMain](DruidDataSource.java:971) - {dataSource-16} inited
[12:33:18:226] [INFO ][restartedMain](ExecutorConfigurationSupport.java:181) - Initializing ExecutorService 'applicationTaskExecutor'
[12:33:18:265] [INFO ][task-1](Dialect.java:170) - HHH000400: Using dialect: org.hibernate.dialect.MySQL8Dialect
[12:33:18:448] [INFO ][task-1](JtaPlatformInitiator.java:52) - HHH000490: Using JtaPlatform implementation: [org.hibernate.engine.transaction.jta.platform.internal.NoJtaPlatform]
[12:33:18:450] [INFO ][task-1](AbstractEntityManagerFactoryBean.java:416) - Initialized JPA EntityManagerFactory for persistence unit 'default'
[12:33:18:457] [WARN ][restartedMain](JpaBaseConfiguration.java:220) - spring.jpa.open-in-view is enabled by default. Therefore, database queries may be performed during view rendering. Explicitly configure spring.jpa.open-in-view to disable this warning
[12:33:18:503] [WARN ][restartedMain](ThymeleafAutoConfiguration.java:106) - Cannot find template location: classpath:/templates/ (please add some templates or check your Thymeleaf configuration)
[12:33:18:548] [INFO ][restartedMain](OptionalLiveReloadServer.java:58) - LiveReload server is running on port 35729
[12:33:18:550] [INFO ][restartedMain](EndpointLinksResolver.java:58) - Exposing 2 endpoint(s) beneath base path '/actuator'
[12:33:18:563] [INFO ][restartedMain](DirectJDKLog.java:173) - Starting ProtocolHandler ["http-nio-8083"]
[12:33:18:575] [INFO ][restartedMain](TomcatWebServer.java:220) - Tomcat started on port(s): 8083 (http) with context path ''
[12:33:18:576] [INFO ][restartedMain](DeferredRepositoryInitializationListener.java:49) - Triggering deferred initialization of Spring Data repositories…
[12:33:18:576] [INFO ][restartedMain](DeferredRepositoryInitializationListener.java:53) - Spring Data repositories initialized!
[12:33:18:582] [INFO ][restartedMain](StartupInfoLogger.java:61) - Started YsgjPaltformApplication in 0.864 seconds (JVM running for 329288.991)
[12:33:18:584] [INFO ][restartedMain](ConditionEvaluationDeltaLoggingListener.java:63) - Condition evaluation unchanged
[12:33:51:145] [INFO ][Thread-81](AbstractEntityManagerFactoryBean.java:598) - Closing JPA EntityManagerFactory for persistence unit 'default'
[12:33:51:147] [INFO ][Thread-81](ExecutorConfigurationSupport.java:218) - Shutting down ExecutorService 'applicationTaskExecutor'
[12:33:51:148] [INFO ][Thread-81](DruidDataSource.java:1908) - {dataSource-16} closed
[12:33:51:253] [INFO ][restartedMain](StartupInfoLogger.java:55) - Starting YsgjPaltformApplication on DESKTOP-4GFJ6FP with PID 29864 (E:\newWorkspace\ysgj-paltform\target\classes started by DELL in E:\newWorkspace\ysgj-paltform)
[12:33:51:254] [INFO ][restartedMain](SpringApplication.java:655) - The following profiles are active: ${profile}
[12:33:51:441] [INFO ][restartedMain](RepositoryConfigurationDelegate.java:127) - Bootstrapping Spring Data JPA repositories in DEFERRED mode.
[12:33:51:445] [INFO ][restartedMain](RepositoryConfigurationDelegate.java:187) - Finished Spring Data repository scanning in 4ms. Found 0 JPA repository interfaces.
[12:33:51:524] [INFO ][restartedMain](TomcatWebServer.java:108) - Tomcat initialized with port(s): 8083 (http)
[12:33:51:525] [INFO ][restartedMain](DirectJDKLog.java:173) - Initializing ProtocolHandler ["http-nio-8083"]
[12:33:51:527] [INFO ][restartedMain](DirectJDKLog.java:173) - Starting service [Tomcat]
[12:33:51:528] [INFO ][restartedMain](DirectJDKLog.java:173) - Starting Servlet engine: [Apache Tomcat/9.0.39]
[12:33:51:530] [INFO ][restartedMain](DirectJDKLog.java:173) - An older version [1.2.17] of the Apache Tomcat Native library is installed, while Tomcat recommends a minimum version of [1.2.23]
[12:33:51:530] [INFO ][restartedMain](DirectJDKLog.java:173) - Loaded Apache Tomcat Native library [1.2.17] using APR version [1.6.3].
[12:33:51:530] [INFO ][restartedMain](DirectJDKLog.java:173) - APR capabilities: IPv6 [true], sendfile [true], accept filters [false], random [true].
[12:33:51:530] [INFO ][restartedMain](DirectJDKLog.java:173) - APR/OpenSSL configuration: useAprConnector [false], useOpenSSL [true]
[12:33:51:531] [INFO ][restartedMain](DirectJDKLog.java:173) - OpenSSL successfully initialized [OpenSSL 1.0.2o  27 Mar 2018]
[12:33:51:554] [INFO ][restartedMain](DirectJDKLog.java:173) - Initializing Spring embedded WebApplicationContext
[12:33:51:554] [INFO ][restartedMain](ServletWebServerApplicationContext.java:285) - Root WebApplicationContext: initialization completed in 298 ms
[12:33:51:613] [INFO ][restartedMain](DruidDataSourceAutoConfigure.java:56) - Init DruidDataSource
[12:33:51:781] [INFO ][restartedMain](DruidDataSource.java:971) - {dataSource-17} inited
[12:33:51:796] [INFO ][restartedMain](ExecutorConfigurationSupport.java:181) - Initializing ExecutorService 'applicationTaskExecutor'
[12:33:51:823] [INFO ][task-1](Dialect.java:170) - HHH000400: Using dialect: org.hibernate.dialect.MySQL8Dialect
[12:33:51:836] [INFO ][task-1](JtaPlatformInitiator.java:52) - HHH000490: Using JtaPlatform implementation: [org.hibernate.engine.transaction.jta.platform.internal.NoJtaPlatform]
[12:33:51:837] [WARN ][restartedMain](JpaBaseConfiguration.java:220) - spring.jpa.open-in-view is enabled by default. Therefore, database queries may be performed during view rendering. Explicitly configure spring.jpa.open-in-view to disable this warning
[12:33:51:837] [INFO ][task-1](AbstractEntityManagerFactoryBean.java:416) - Initialized JPA EntityManagerFactory for persistence unit 'default'
[12:33:51:886] [WARN ][restartedMain](ThymeleafAutoConfiguration.java:106) - Cannot find template location: classpath:/templates/ (please add some templates or check your Thymeleaf configuration)
[12:33:51:924] [INFO ][restartedMain](OptionalLiveReloadServer.java:58) - LiveReload server is running on port 35729
[12:33:51:928] [INFO ][restartedMain](EndpointLinksResolver.java:58) - Exposing 2 endpoint(s) beneath base path '/actuator'
[12:33:51:937] [INFO ][restartedMain](DirectJDKLog.java:173) - Starting ProtocolHandler ["http-nio-8083"]
[12:33:51:945] [INFO ][restartedMain](TomcatWebServer.java:220) - Tomcat started on port(s): 8083 (http) with context path ''
[12:33:51:946] [INFO ][restartedMain](DeferredRepositoryInitializationListener.java:49) - Triggering deferred initialization of Spring Data repositories…
[12:33:51:946] [INFO ][restartedMain](DeferredRepositoryInitializationListener.java:53) - Spring Data repositories initialized!
[12:33:51:951] [INFO ][restartedMain](StartupInfoLogger.java:61) - Started YsgjPaltformApplication in 0.742 seconds (JVM running for 329322.361)
[12:33:51:953] [INFO ][restartedMain](ConditionEvaluationDeltaLoggingListener.java:63) - Condition evaluation unchanged
[23:28:31:962] [INFO ][Thread-86](AbstractEntityManagerFactoryBean.java:598) - Closing JPA EntityManagerFactory for persistence unit 'default'
[23:28:33:885] [INFO ][Thread-86](ExecutorConfigurationSupport.java:218) - Shutting down ExecutorService 'applicationTaskExecutor'
[23:28:34:176] [INFO ][Thread-86](DruidDataSource.java:1908) - {dataSource-17} closed
[23:28:49:389] [INFO ][restartedMain](StartupInfoLogger.java:55) - Starting YsgjPaltformApplication on DESKTOP-4GFJ6FP with PID 29864 (E:\newWorkspace\ysgj-paltform\target\classes started by DELL in E:\newWorkspace\ysgj-paltform)
[23:28:49:390] [INFO ][restartedMain](SpringApplication.java:655) - The following profiles are active: ${profile}
[23:28:51:030] [INFO ][restartedMain](RepositoryConfigurationDelegate.java:127) - Bootstrapping Spring Data JPA repositories in DEFERRED mode.
[23:28:51:103] [INFO ][restartedMain](RepositoryConfigurationDelegate.java:187) - Finished Spring Data repository scanning in 72ms. Found 0 JPA repository interfaces.
[23:28:52:838] [INFO ][restartedMain](TomcatWebServer.java:108) - Tomcat initialized with port(s): 8083 (http)
[23:28:52:839] [INFO ][restartedMain](DirectJDKLog.java:173) - Initializing ProtocolHandler ["http-nio-8083"]
[23:28:52:839] [INFO ][restartedMain](DirectJDKLog.java:173) - Starting service [Tomcat]
[23:28:52:839] [INFO ][restartedMain](DirectJDKLog.java:173) - Starting Servlet engine: [Apache Tomcat/9.0.39]
[23:28:52:839] [INFO ][restartedMain](DirectJDKLog.java:173) - An older version [1.2.17] of the Apache Tomcat Native library is installed, while Tomcat recommends a minimum version of [1.2.23]
[23:28:52:840] [INFO ][restartedMain](DirectJDKLog.java:173) - Loaded Apache Tomcat Native library [1.2.17] using APR version [1.6.3].
[23:28:52:840] [INFO ][restartedMain](DirectJDKLog.java:173) - APR capabilities: IPv6 [true], sendfile [true], accept filters [false], random [true].
[23:28:52:840] [INFO ][restartedMain](DirectJDKLog.java:173) - APR/OpenSSL configuration: useAprConnector [false], useOpenSSL [true]
[23:28:53:092] [INFO ][restartedMain](DirectJDKLog.java:173) - OpenSSL successfully initialized [OpenSSL 1.0.2o  27 Mar 2018]
[23:28:53:333] [INFO ][restartedMain](DirectJDKLog.java:173) - Initializing Spring embedded WebApplicationContext
[23:28:53:333] [INFO ][restartedMain](ServletWebServerApplicationContext.java:285) - Root WebApplicationContext: initialization completed in 3910 ms
[23:28:53:532] [INFO ][restartedMain](DruidDataSourceAutoConfigure.java:56) - Init DruidDataSource
[23:28:54:375] [INFO ][restartedMain](DruidDataSource.java:971) - {dataSource-18} inited
[23:28:54:391] [INFO ][restartedMain](ExecutorConfigurationSupport.java:181) - Initializing ExecutorService 'applicationTaskExecutor'
[23:28:54:476] [INFO ][task-1](Dialect.java:170) - HHH000400: Using dialect: org.hibernate.dialect.MySQL8Dialect
[23:28:54:519] [INFO ][task-1](JtaPlatformInitiator.java:52) - HHH000490: Using JtaPlatform implementation: [org.hibernate.engine.transaction.jta.platform.internal.NoJtaPlatform]
[23:28:54:520] [INFO ][task-1](AbstractEntityManagerFactoryBean.java:416) - Initialized JPA EntityManagerFactory for persistence unit 'default'
[23:28:54:760] [WARN ][restartedMain](JpaBaseConfiguration.java:220) - spring.jpa.open-in-view is enabled by default. Therefore, database queries may be performed during view rendering. Explicitly configure spring.jpa.open-in-view to disable this warning
[23:28:55:222] [WARN ][restartedMain](ThymeleafAutoConfiguration.java:106) - Cannot find template location: classpath:/templates/ (please add some templates or check your Thymeleaf configuration)
[23:28:55:277] [INFO ][restartedMain](OptionalLiveReloadServer.java:58) - LiveReload server is running on port 35729
[23:28:55:279] [INFO ][restartedMain](EndpointLinksResolver.java:58) - Exposing 2 endpoint(s) beneath base path '/actuator'
[23:28:55:287] [INFO ][restartedMain](DirectJDKLog.java:173) - Starting ProtocolHandler ["http-nio-8083"]
[23:28:55:293] [INFO ][restartedMain](TomcatWebServer.java:220) - Tomcat started on port(s): 8083 (http) with context path ''
[23:28:55:293] [INFO ][restartedMain](DeferredRepositoryInitializationListener.java:49) - Triggering deferred initialization of Spring Data repositories…
[23:28:55:294] [INFO ][restartedMain](DeferredRepositoryInitializationListener.java:53) - Spring Data repositories initialized!
[23:28:55:297] [INFO ][restartedMain](StartupInfoLogger.java:61) - Started YsgjPaltformApplication in 8.562 seconds (JVM running for 368639.781)
[23:28:55:299] [INFO ][restartedMain](ConditionEvaluationDeltaLoggingListener.java:63) - Condition evaluation unchanged
[23:29:26:870] [INFO ][Thread-91](AbstractEntityManagerFactoryBean.java:598) - Closing JPA EntityManagerFactory for persistence unit 'default'
[23:29:26:871] [INFO ][Thread-91](ExecutorConfigurationSupport.java:218) - Shutting down ExecutorService 'applicationTaskExecutor'
[23:29:26:873] [INFO ][Thread-91](DruidDataSource.java:1908) - {dataSource-18} closed
[23:29:27:050] [INFO ][restartedMain](StartupInfoLogger.java:55) - Starting YsgjPaltformApplication on DESKTOP-4GFJ6FP with PID 29864 (E:\newWorkspace\ysgj-paltform\target\classes started by DELL in E:\newWorkspace\ysgj-paltform)
[23:29:27:051] [INFO ][restartedMain](SpringApplication.java:655) - The following profiles are active: ${profile}
[23:29:27:273] [INFO ][restartedMain](RepositoryConfigurationDelegate.java:127) - Bootstrapping Spring Data JPA repositories in DEFERRED mode.
[23:29:27:277] [INFO ][restartedMain](RepositoryConfigurationDelegate.java:187) - Finished Spring Data repository scanning in 3ms. Found 0 JPA repository interfaces.
[23:29:27:448] [INFO ][restartedMain](TomcatWebServer.java:108) - Tomcat initialized with port(s): 8083 (http)
[23:29:27:448] [INFO ][restartedMain](DirectJDKLog.java:173) - Initializing ProtocolHandler ["http-nio-8083"]
[23:29:27:449] [INFO ][restartedMain](DirectJDKLog.java:173) - Starting service [Tomcat]
[23:29:27:449] [INFO ][restartedMain](DirectJDKLog.java:173) - Starting Servlet engine: [Apache Tomcat/9.0.39]
[23:29:27:450] [INFO ][restartedMain](DirectJDKLog.java:173) - An older version [1.2.17] of the Apache Tomcat Native library is installed, while Tomcat recommends a minimum version of [1.2.23]
[23:29:27:450] [INFO ][restartedMain](DirectJDKLog.java:173) - Loaded Apache Tomcat Native library [1.2.17] using APR version [1.6.3].
[23:29:27:450] [INFO ][restartedMain](DirectJDKLog.java:173) - APR capabilities: IPv6 [true], sendfile [true], accept filters [false], random [true].
[23:29:27:451] [INFO ][restartedMain](DirectJDKLog.java:173) - APR/OpenSSL configuration: useAprConnector [false], useOpenSSL [true]
[23:29:27:451] [INFO ][restartedMain](DirectJDKLog.java:173) - OpenSSL successfully initialized [OpenSSL 1.0.2o  27 Mar 2018]
[23:29:27:469] [INFO ][restartedMain](DirectJDKLog.java:173) - Initializing Spring embedded WebApplicationContext
[23:29:27:469] [INFO ][restartedMain](ServletWebServerApplicationContext.java:285) - Root WebApplicationContext: initialization completed in 417 ms
[23:29:27:497] [INFO ][restartedMain](DruidDataSourceAutoConfigure.java:56) - Init DruidDataSource
[23:29:27:616] [INFO ][restartedMain](DruidDataSource.java:971) - {dataSource-19} inited
[23:29:27:633] [INFO ][restartedMain](ExecutorConfigurationSupport.java:181) - Initializing ExecutorService 'applicationTaskExecutor'
[23:29:27:667] [INFO ][task-1](Dialect.java:170) - HHH000400: Using dialect: org.hibernate.dialect.MySQL8Dialect
[23:29:27:896] [INFO ][task-1](JtaPlatformInitiator.java:52) - HHH000490: Using JtaPlatform implementation: [org.hibernate.engine.transaction.jta.platform.internal.NoJtaPlatform]
[23:29:27:897] [INFO ][task-1](AbstractEntityManagerFactoryBean.java:416) - Initialized JPA EntityManagerFactory for persistence unit 'default'
[23:29:27:902] [WARN ][restartedMain](JpaBaseConfiguration.java:220) - spring.jpa.open-in-view is enabled by default. Therefore, database queries may be performed during view rendering. Explicitly configure spring.jpa.open-in-view to disable this warning
[23:29:27:962] [WARN ][restartedMain](ThymeleafAutoConfiguration.java:106) - Cannot find template location: classpath:/templates/ (please add some templates or check your Thymeleaf configuration)
[23:29:27:996] [INFO ][restartedMain](OptionalLiveReloadServer.java:58) - LiveReload server is running on port 35729
[23:29:27:998] [INFO ][restartedMain](EndpointLinksResolver.java:58) - Exposing 2 endpoint(s) beneath base path '/actuator'
[23:29:28:018] [INFO ][restartedMain](DirectJDKLog.java:173) - Starting ProtocolHandler ["http-nio-8083"]
[23:29:28:045] [INFO ][restartedMain](TomcatWebServer.java:220) - Tomcat started on port(s): 8083 (http) with context path ''
[23:29:28:046] [INFO ][restartedMain](DeferredRepositoryInitializationListener.java:49) - Triggering deferred initialization of Spring Data repositories…
[23:29:28:046] [INFO ][restartedMain](DeferredRepositoryInitializationListener.java:53) - Spring Data repositories initialized!
[23:29:28:051] [INFO ][restartedMain](StartupInfoLogger.java:61) - Started YsgjPaltformApplication in 1.065 seconds (JVM running for 368672.535)
[23:29:28:052] [INFO ][restartedMain](ConditionEvaluationDeltaLoggingListener.java:63) - Condition evaluation unchanged
[00:11:11:060] [INFO ][Thread-96](AbstractEntityManagerFactoryBean.java:598) - Closing JPA EntityManagerFactory for persistence unit 'default'
[00:11:11:158] [INFO ][Thread-96](ExecutorConfigurationSupport.java:218) - Shutting down ExecutorService 'applicationTaskExecutor'
[00:11:11:159] [INFO ][Thread-96](DruidDataSource.java:1908) - {dataSource-19} closed
[00:11:11:980] [INFO ][restartedMain](StartupInfoLogger.java:55) - Starting YsgjPaltformApplication on DESKTOP-4GFJ6FP with PID 29864 (E:\newWorkspace\ysgj-paltform\target\classes started by DELL in E:\newWorkspace\ysgj-paltform)
[00:11:11:981] [INFO ][restartedMain](SpringApplication.java:655) - The following profiles are active: ${profile}
[00:11:13:039] [INFO ][restartedMain](RepositoryConfigurationDelegate.java:127) - Bootstrapping Spring Data JPA repositories in DEFERRED mode.
[00:11:13:042] [INFO ][restartedMain](RepositoryConfigurationDelegate.java:187) - Finished Spring Data repository scanning in 2ms. Found 0 JPA repository interfaces.
[00:11:13:404] [INFO ][restartedMain](TomcatWebServer.java:108) - Tomcat initialized with port(s): 8083 (http)
[00:11:13:404] [INFO ][restartedMain](DirectJDKLog.java:173) - Initializing ProtocolHandler ["http-nio-8083"]
[00:11:13:405] [INFO ][restartedMain](DirectJDKLog.java:173) - Starting service [Tomcat]
[00:11:13:405] [INFO ][restartedMain](DirectJDKLog.java:173) - Starting Servlet engine: [Apache Tomcat/9.0.39]
[00:11:13:405] [INFO ][restartedMain](DirectJDKLog.java:173) - An older version [1.2.17] of the Apache Tomcat Native library is installed, while Tomcat recommends a minimum version of [1.2.23]
[00:11:13:406] [INFO ][restartedMain](DirectJDKLog.java:173) - Loaded Apache Tomcat Native library [1.2.17] using APR version [1.6.3].
[00:11:13:406] [INFO ][restartedMain](DirectJDKLog.java:173) - APR capabilities: IPv6 [true], sendfile [true], accept filters [false], random [true].
[00:11:13:406] [INFO ][restartedMain](DirectJDKLog.java:173) - APR/OpenSSL configuration: useAprConnector [false], useOpenSSL [true]
[00:11:13:609] [INFO ][restartedMain](DirectJDKLog.java:173) - OpenSSL successfully initialized [OpenSSL 1.0.2o  27 Mar 2018]
[00:11:13:699] [INFO ][restartedMain](DirectJDKLog.java:173) - Initializing Spring embedded WebApplicationContext
[00:11:13:699] [INFO ][restartedMain](ServletWebServerApplicationContext.java:285) - Root WebApplicationContext: initialization completed in 1715 ms
[00:11:13:746] [INFO ][restartedMain](DruidDataSourceAutoConfigure.java:56) - Init DruidDataSource
[00:11:13:799] [INFO ][restartedMain](DruidDataSource.java:971) - {dataSource-20} inited
[00:11:14:047] [INFO ][restartedMain](ExecutorConfigurationSupport.java:181) - Initializing ExecutorService 'applicationTaskExecutor'
[00:11:14:108] [INFO ][task-1](Dialect.java:170) - HHH000400: Using dialect: org.hibernate.dialect.MySQL8Dialect
[00:11:14:124] [INFO ][task-1](JtaPlatformInitiator.java:52) - HHH000490: Using JtaPlatform implementation: [org.hibernate.engine.transaction.jta.platform.internal.NoJtaPlatform]
[00:11:14:125] [INFO ][task-1](AbstractEntityManagerFactoryBean.java:416) - Initialized JPA EntityManagerFactory for persistence unit 'default'
[00:11:14:266] [WARN ][restartedMain](JpaBaseConfiguration.java:220) - spring.jpa.open-in-view is enabled by default. Therefore, database queries may be performed during view rendering. Explicitly configure spring.jpa.open-in-view to disable this warning
[00:11:14:401] [WARN ][restartedMain](ThymeleafAutoConfiguration.java:106) - Cannot find template location: classpath:/templates/ (please add some templates or check your Thymeleaf configuration)
[00:11:14:447] [INFO ][restartedMain](OptionalLiveReloadServer.java:58) - LiveReload server is running on port 35729
[00:11:14:449] [INFO ][restartedMain](EndpointLinksResolver.java:58) - Exposing 2 endpoint(s) beneath base path '/actuator'
[00:11:14:460] [INFO ][restartedMain](DirectJDKLog.java:173) - Starting ProtocolHandler ["http-nio-8083"]
[00:11:14:468] [INFO ][restartedMain](TomcatWebServer.java:220) - Tomcat started on port(s): 8083 (http) with context path ''
[00:11:14:468] [INFO ][restartedMain](DeferredRepositoryInitializationListener.java:49) - Triggering deferred initialization of Spring Data repositories…
[00:11:14:469] [INFO ][restartedMain](DeferredRepositoryInitializationListener.java:53) - Spring Data repositories initialized!
[00:11:14:474] [INFO ][restartedMain](StartupInfoLogger.java:61) - Started YsgjPaltformApplication in 2.784 seconds (JVM running for 371178.958)
[00:11:14:475] [INFO ][restartedMain](ConditionEvaluationDeltaLoggingListener.java:63) - Condition evaluation unchanged
