[15:21:55:666] [INFO ][restartedMain](StartupInfoLogger.java:55) - Starting YsgjPaltformApplication on DESKTOP-4GFJ6FP with PID 17192 (E:\newWorkspace\ysgj-paltform\target\classes started by DELL in E:\newWorkspace\ysgj-paltform)
[15:21:55:697] [INFO ][restartedMain](SpringApplication.java:655) - The following profiles are active: ${profile}
[15:21:55:760] [INFO ][restartedMain](DeferredLog.java:225) - Devtools property defaults active! Set 'spring.devtools.add-properties' to 'false' to disable
[15:21:55:760] [INFO ][restartedMain](DeferredLog.java:225) - For additional web related logging consider setting the 'logging.level.web' property to 'DEBUG'
[15:21:57:235] [INFO ][restartedMain](RepositoryConfigurationDelegate.java:127) - Bootstrapping Spring Data JPA repositories in DEFERRED mode.
[15:21:57:258] [INFO ][restartedMain](RepositoryConfigurationDelegate.java:187) - Finished Spring Data repository scanning in 15ms. Found 0 JPA repository interfaces.
[15:21:58:277] [INFO ][restartedMain](TomcatWebServer.java:108) - Tomcat initialized with port(s): 8083 (http)
[15:21:58:295] [INFO ][restartedMain](DirectJDKLog.java:173) - Initializing ProtocolHandler ["http-nio-8083"]
[15:21:58:296] [INFO ][restartedMain](DirectJDKLog.java:173) - Starting service [Tomcat]
[15:21:58:296] [INFO ][restartedMain](DirectJDKLog.java:173) - Starting Servlet engine: [Apache Tomcat/9.0.39]
[15:21:58:300] [INFO ][restartedMain](DirectJDKLog.java:173) - An older version [1.2.17] of the Apache Tomcat Native library is installed, while Tomcat recommends a minimum version of [1.2.23]
[15:21:58:301] [INFO ][restartedMain](DirectJDKLog.java:173) - Loaded Apache Tomcat Native library [1.2.17] using APR version [1.6.3].
[15:21:58:301] [INFO ][restartedMain](DirectJDKLog.java:173) - APR capabilities: IPv6 [true], sendfile [true], accept filters [false], random [true].
[15:21:58:302] [INFO ][restartedMain](DirectJDKLog.java:173) - APR/OpenSSL configuration: useAprConnector [false], useOpenSSL [true]
[15:21:59:411] [INFO ][restartedMain](DirectJDKLog.java:173) - OpenSSL successfully initialized [OpenSSL 1.0.2o  27 Mar 2018]
[15:21:59:557] [INFO ][restartedMain](DirectJDKLog.java:173) - Initializing Spring embedded WebApplicationContext
[15:21:59:558] [INFO ][restartedMain](ServletWebServerApplicationContext.java:285) - Root WebApplicationContext: initialization completed in 3796 ms
[15:21:59:762] [INFO ][restartedMain](DruidDataSourceAutoConfigure.java:56) - Init DruidDataSource
[15:22:00:493] [INFO ][restartedMain](DruidDataSource.java:971) - {dataSource-1} inited
[15:22:00:750] [INFO ][restartedMain](ExecutorConfigurationSupport.java:181) - Initializing ExecutorService 'applicationTaskExecutor'
[15:22:01:003] [INFO ][task-1](Version.java:44) - HHH000412: Hibernate ORM core version 5.4.22.Final
[15:22:01:285] [WARN ][restartedMain](JpaBaseConfiguration.java:220) - spring.jpa.open-in-view is enabled by default. Therefore, database queries may be performed during view rendering. Explicitly configure spring.jpa.open-in-view to disable this warning
[15:22:01:395] [INFO ][task-1](JavaReflectionManager.java:49) - HCANN000001: Hibernate Commons Annotations {5.1.0.Final}
[15:22:01:961] [WARN ][restartedMain](ThymeleafAutoConfiguration.java:106) - Cannot find template location: classpath:/templates/ (please add some templates or check your Thymeleaf configuration)
[15:22:01:968] [INFO ][task-1](Dialect.java:170) - HHH000400: Using dialect: org.hibernate.dialect.MySQL8Dialect
[15:22:02:177] [INFO ][restartedMain](OptionalLiveReloadServer.java:58) - LiveReload server is running on port 35729
[15:22:02:189] [INFO ][restartedMain](EndpointLinksResolver.java:58) - Exposing 2 endpoint(s) beneath base path '/actuator'
[15:22:02:584] [INFO ][task-1](JtaPlatformInitiator.java:52) - HHH000490: Using JtaPlatform implementation: [org.hibernate.engine.transaction.jta.platform.internal.NoJtaPlatform]
[15:22:02:603] [INFO ][task-1](AbstractEntityManagerFactoryBean.java:416) - Initialized JPA EntityManagerFactory for persistence unit 'default'
[15:22:02:615] [INFO ][restartedMain](DirectJDKLog.java:173) - Starting ProtocolHandler ["http-nio-8083"]
[15:22:02:664] [INFO ][restartedMain](TomcatWebServer.java:220) - Tomcat started on port(s): 8083 (http) with context path ''
[15:22:02:665] [INFO ][restartedMain](DeferredRepositoryInitializationListener.java:49) - Triggering deferred initialization of Spring Data repositories…
[15:22:02:666] [INFO ][restartedMain](DeferredRepositoryInitializationListener.java:53) - Spring Data repositories initialized!
[15:22:02:676] [INFO ][restartedMain](StartupInfoLogger.java:61) - Started YsgjPaltformApplication in 7.923 seconds (JVM running for 11.923)
[15:26:01:680] [INFO ][http-nio-8083-exec-2](DirectJDKLog.java:173) - Initializing Spring DispatcherServlet 'dispatcherServlet'
[15:26:01:681] [INFO ][http-nio-8083-exec-2](FrameworkServlet.java:525) - Initializing Servlet 'dispatcherServlet'
[15:26:01:693] [INFO ][http-nio-8083-exec-2](FrameworkServlet.java:547) - Completed initialization in 12 ms
